2026-01-26 19:32:48 - func_intent_judgment - INFO - 开始意图判断,query='你好...'
2026-01-26 19:32:48 - func_intent_judgment - INFO - 开始意图判断 | query=你好
2026-01-26 19:32:50 - func_intent_judgment - WARNING - RAGFlow 返回空结果,降级到 type=0
2026-01-26 19:32:50 - func_intent_judgment - WARNING - 降级到 type=0 | reason=RAGFlow 返回空结果
2026-01-26 19:36:36 - func_intent_judgment - INFO - 开始意图判断,query='你好...'
2026-01-26 19:36:36 - func_intent_judgment - INFO - 开始意图判断 | query=你好
2026-01-26 19:36:38 - func_intent_judgment - WARNING - RAGFlow 返回空结果,降级到 type=0
2026-01-26 19:36:38 - func_intent_judgment - WARNING - 降级到 type=0 | reason=RAGFlow 返回空结果
2026-01-26 19:41:45 - func_intent_judgment - INFO - 开始意图判断,query='你好...'
2026-01-26 19:41:45 - func_intent_judgment - INFO - 开始意图判断 | query=你好
2026-01-26 19:41:46 - func_intent_judgment - WARNING - RAGFlow 返回空结果,降级到 type=0
2026-01-26 19:41:46 - func_intent_judgment - WARNING - 降级到 type=0 | reason=RAGFlow 返回空结果
2026-01-26 19:44:09 - func_intent_judgment - INFO - 开始意图判断,query='你好...'
2026-01-26 19:44:09 - func_intent_judgment - INFO - 开始意图判断 | query=你好
2026-01-26 19:44:10 - func_intent_judgment - WARNING - RAGFlow 返回空结果,降级到 type=0
2026-01-26 19:44:10 - func_intent_judgment - WARNING - 降级到 type=0 | reason=RAGFlow 返回空结果
2026-01-26 19:45:46 - func_intent_judgment - INFO - 开始意图判断,query='你好...'
2026-01-26 19:45:46 - func_intent_judgment - INFO - 开始意图判断 | query=你好
2026-01-26 19:45:50 - func_intent_judgment - WARNING - RAGFlow 返回空结果,降级到 type=0
2026-01-26 19:45:50 - func_intent_judgment - WARNING - 降级到 type=0 | reason=RAGFlow 返回空结果
2026-01-26 19:48:03 - func_intent_judgment - INFO - 开始意图判断,query='你好...'
2026-01-26 19:48:03 - func_intent_judgment - INFO - 开始意图判断 | query=你好
2026-01-26 19:48:09 - func_intent_judgment - WARNING - RAGFlow 返回空结果,降级到 type=0
2026-01-26 19:48:09 - func_intent_judgment - WARNING - 降级到 type=0 | reason=RAGFlow 返回空结果
2026-01-26 19:52:09 - func_intent_judgment - INFO - 开始意图判断,query='你好...'
2026-01-26 19:52:09 - func_intent_judgment - INFO - 开始意图判断 | query=你好
2026-01-26 19:52:11 - func_intent_judgment - WARNING - RAGFlow 返回空结果,降级到 type=0
2026-01-26 19:52:11 - func_intent_judgment - WARNING - 降级到 type=0 | reason=RAGFlow 返回空结果
2026-01-26 19:58:54 - func_intent_judgment - INFO - 开始意图判断,query='你好...'
2026-01-26 19:58:54 - func_intent_judgment - INFO - 开始意图判断 | query=你好
2026-01-26 19:59:03 - func_intent_judgment - WARNING - RAGFlow 返回空结果,降级到 type=0
2026-01-26 19:59:03 - func_intent_judgment - WARNING - 降级到 type=0 | reason=RAGFlow 返回空结果
2026-01-26 20:01:01 - func_intent_judgment - INFO - 开始意图判断,query='你好...'
2026-01-26 20:01:01 - func_intent_judgment - INFO - 开始意图判断 | query=你好
2026-01-26 20:01:02 - func_intent_judgment - WARNING - RAGFlow 返回空结果,降级到 type=0
2026-01-26 20:01:02 - func_intent_judgment - WARNING - 降级到 type=0 | reason=RAGFlow 返回空结果
2026-01-27 10:45:30 - func_intent_judgment - INFO - 开始意图判断,query='你好...'
2026-01-27 10:45:30 - func_intent_judgment - INFO - 开始意图判断 | query=你好
2026-01-27 10:45:31 - func_intent_judgment - WARNING - RAGFlow 返回空结果,降级到 type=0
2026-01-27 10:45:31 - func_intent_judgment - WARNING - 降级到 type=0 | reason=RAGFlow 返回空结果
2026-01-27 10:52:05 - func_intent_judgment - INFO - 开始意图判断,query='你好...'
2026-01-27 10:52:05 - func_intent_judgment - INFO - 开始意图判断 | query=你好
2026-01-27 10:52:06 - func_intent_judgment - WARNING - RAGFlow 返回空结果,降级到 type=0
2026-01-27 10:52:06 - func_intent_judgment - WARNING - 降级到 type=0 | reason=RAGFlow 返回空结果
2026-01-27 10:52:06 - func_intent_judgment - INFO - 开始意图判断,query='你好...'
2026-01-27 10:52:06 - func_intent_judgment - INFO - 开始意图判断 | query=你好
2026-01-27 10:52:07 - func_intent_judgment - WARNING - RAGFlow 返回空结果,降级到 type=0
2026-01-27 10:52:07 - func_intent_judgment - WARNING - 降级到 type=0 | reason=RAGFlow 返回空结果
2026-01-27 10:55:42 - func_intent_judgment - INFO - 开始意图判断,query='测试...'
2026-01-27 10:55:42 - func_intent_judgment - INFO - 开始意图判断 | query=测试
2026-01-27 10:55:43 - func_intent_judgment - WARNING - RAGFlow 返回空结果,降级到 type=0
2026-01-27 10:55:43 - func_intent_judgment - WARNING - 降级到 type=0 | reason=RAGFlow 返回空结果
2026-01-27 11:00:23 - func_intent_judgment - INFO - 开始意图判断,query='你好...'
2026-01-27 11:00:23 - func_intent_judgment - INFO - 开始意图判断 | query=你好
2026-01-27 11:00:23 - func_intent_judgment - WARNING - RAGFlow 返回空结果,降级到 type=0
2026-01-27 11:00:23 - func_intent_judgment - WARNING - 降级到 type=0 | reason=RAGFlow 返回空结果
2026-01-27 11:00:43 - func_intent_judgment - INFO - 开始意图判断,query='打开安全态势驾驶舱...'
2026-01-27 11:00:43 - func_intent_judgment - INFO - 开始意图判断 | query=打开安全态势驾驶舱
2026-01-27 11:00:43 - func_intent_judgment - INFO - 最高相似度=0.7831, 知识库=岱山-指令集
2026-01-27 11:00:43 - func_intent_judgment - INFO - 知识库映射成功: 岱山-指令集 -> type=1
2026-01-27 11:00:43 - func_intent_judgment - INFO - 意图判断完成: type=1, 知识库=岱山-指令集, 相似度=0.7831, 返回结果数=5
2026-01-27 11:00:43 - func_intent_judgment - INFO - 意图判断完成 | type=1 | database=岱山-指令集 | similarity=0.7831124166897013 | results_count=5
2026-01-27 11:03:38 - func_intent_judgment - INFO - 开始意图判断,query='打开安全态势驾驶舱...'
2026-01-27 11:03:38 - func_intent_judgment - INFO - 开始意图判断 | query=打开安全态势驾驶舱
2026-01-27 11:03:39 - func_intent_judgment - INFO - 最高相似度=0.7831, 知识库=岱山-指令集
2026-01-27 11:03:39 - func_intent_judgment - INFO - 知识库映射成功: 岱山-指令集 -> type=1
2026-01-27 11:03:39 - func_intent_judgment - INFO - 意图判断完成: type=1, 知识库=岱山-指令集, 相似度=0.7831, 返回结果数=5
2026-01-27 11:03:39 - func_intent_judgment - INFO - 意图判断完成 | type=1 | database=岱山-指令集 | similarity=0.7831124166897013 | results_count=5
2026-01-27 11:05:35 - func_intent_judgment - INFO - 开始意图判断,query='打开安全态势驾驶舱...'
2026-01-27 11:05:35 - func_intent_judgment - INFO - 开始意图判断 | query=打开安全态势驾驶舱
2026-01-27 11:05:35 - func_intent_judgment - INFO - 最高相似度=0.7831, 知识库=岱山-指令集
2026-01-27 11:05:35 - func_intent_judgment - INFO - 知识库映射成功: 岱山-指令集 -> type=1
2026-01-27 11:05:35 - func_intent_judgment - INFO - 意图判断完成: type=1, 知识库=岱山-指令集, 相似度=0.7831, 返回结果数=5
2026-01-27 11:05:35 - func_intent_judgment - INFO - 意图判断完成 | type=1 | database=岱山-指令集 | similarity=0.7831124166897013 | results_count=5
2026-01-27 11:06:05 - func_intent_judgment - INFO - 开始意图判断,query='园区安全状况...'
2026-01-27 11:06:05 - func_intent_judgment - INFO - 开始意图判断 | query=园区安全状况
2026-01-27 11:06:05 - func_intent_judgment - INFO - 最高相似度=0.8128, 知识库=岱山-指令集
2026-01-27 11:06:05 - func_intent_judgment - INFO - 知识库映射成功: 岱山-指令集 -> type=1
2026-01-27 11:06:05 - func_intent_judgment - INFO - 意图判断完成: type=1, 知识库=岱山-指令集, 相似度=0.8128, 返回结果数=5
2026-01-27 11:06:05 - func_intent_judgment - INFO - 意图判断完成 | type=1 | database=岱山-指令集 | similarity=0.8127515507266141 | results_count=5
2026-01-27 11:07:30 - func_intent_judgment - INFO - 开始意图判断,query='园区安全状况...'
2026-01-27 11:07:30 - func_intent_judgment - INFO - 开始意图判断 | query=园区安全状况
2026-01-27 11:07:31 - func_intent_judgment - INFO - 最高相似度=0.8128, 知识库=岱山-指令集
2026-01-27 11:07:31 - func_intent_judgment - INFO - 知识库映射成功: 岱山-指令集 -> type=1
2026-01-27 11:07:31 - func_intent_judgment - INFO - 意图判断完成: type=1, 知识库=岱山-指令集, 相似度=0.8128, 返回结果数=5
2026-01-27 11:07:31 - func_intent_judgment - INFO - 意图判断完成 | type=1 | database=岱山-指令集 | similarity=0.8127515507266141 | results_count=5
2026-01-27 11:15:30 - func_intent_judgment - INFO - 开始意图判断,query='园区安全状况...'
2026-01-27 11:15:30 - func_intent_judgment - INFO - 开始意图判断 | query=园区安全状况
2026-01-27 11:15:31 - func_intent_judgment - INFO - 最高相似度=0.8128, 知识库=岱山-指令集
2026-01-27 11:15:31 - func_intent_judgment - INFO - 知识库映射成功: 岱山-指令集 -> type=1
2026-01-27 11:15:31 - func_intent_judgment - INFO - 意图判断完成: type=1, 知识库=岱山-指令集, 相似度=0.8128, 返回结果数=5
2026-01-27 11:15:31 - func_intent_judgment - INFO - 意图判断完成 | type=1 | database=岱山-指令集 | similarity=0.8127515507266141 | results_count=5
2026-01-27 11:15:51 - func_intent_judgment - INFO - 开始意图判断,query='你好...'
2026-01-27 11:15:51 - func_intent_judgment - INFO - 开始意图判断 | query=你好
2026-01-27 11:15:51 - func_intent_judgment - WARNING - RAGFlow 返回空结果,降级到 type=0
2026-01-27 11:15:51 - func_intent_judgment - WARNING - 降级到 type=0 | reason=RAGFlow 返回空结果
2026-01-27 11:16:23 - func_intent_judgment - INFO - 开始意图判断,query='园区介绍...'
2026-01-27 11:16:23 - func_intent_judgment - INFO - 开始意图判断 | query=园区介绍
2026-01-27 11:16:26 - func_intent_judgment - INFO - 最高相似度=0.7467, 知识库=岱山-指令集
2026-01-27 11:16:26 - func_intent_judgment - INFO - 知识库映射成功: 岱山-指令集 -> type=1
2026-01-27 11:16:26 - func_intent_judgment - INFO - 意图判断完成: type=1, 知识库=岱山-指令集, 相似度=0.7467, 返回结果数=5
2026-01-27 11:16:26 - func_intent_judgment - INFO - 意图判断完成 | type=1 | database=岱山-指令集 | similarity=0.7467207316943092 | results_count=5
2026-01-27 11:24:05 - func_intent_judgment - INFO - 开始意图判断,query='园区介绍...'
2026-01-27 11:24:05 - func_intent_judgment - INFO - 开始意图判断 | query=园区介绍
2026-01-27 11:24:06 - func_intent_judgment - INFO - 最高相似度=0.7467, 知识库=岱山-指令集
2026-01-27 11:24:06 - func_intent_judgment - INFO - 知识库映射成功: 岱山-指令集 -> type=1
2026-01-27 11:24:06 - func_intent_judgment - INFO - 意图判断完成: type=1, 知识库=岱山-指令集, 相似度=0.7467, 返回结果数=5
2026-01-27 11:24:06 - func_intent_judgment - INFO - 意图判断完成 | type=1 | database=岱山-指令集 | similarity=0.7467207316943092 | results_count=5
2026-01-27 11:27:34 - func_intent_judgment - INFO - 开始意图判断,query='园区介绍...'
2026-01-27 11:27:34 - func_intent_judgment - INFO - 开始意图判断 | query=园区介绍
2026-01-27 11:27:36 - func_intent_judgment - INFO - 最高相似度=0.7467, 知识库=岱山-指令集
2026-01-27 11:27:36 - func_intent_judgment - INFO - 知识库映射成功: 岱山-指令集 -> type=1
2026-01-27 11:27:36 - func_intent_judgment - INFO - 意图判断完成: type=1, 知识库=岱山-指令集, 相似度=0.7467, 返回结果数=5
2026-01-27 11:27:36 - func_intent_judgment - INFO - 意图判断完成 | type=1 | database=岱山-指令集 | similarity=0.7467207316943092 | results_count=5
2026-01-27 11:45:02 - func_intent_judgment - INFO - 开始意图判断,query='介绍园区安全信息...'
2026-01-27 11:45:02 - func_intent_judgment - INFO - 开始意图判断 | query=介绍园区安全信息
2026-01-27 11:45:03 - func_intent_judgment - INFO - 最高相似度=0.5376, 知识库=岱山-指令集
2026-01-27 11:45:03 - func_intent_judgment - INFO - 知识库映射成功: 岱山-指令集 -> type=1
2026-01-27 11:45:03 - func_intent_judgment - INFO - 意图判断完成: type=1, 知识库=岱山-指令集, 相似度=0.5376, 返回结果数=5
2026-01-27 11:45:03 - func_intent_judgment - INFO - 意图判断完成 | type=1 | database=岱山-指令集 | similarity=0.5375771193709197 | results_count=5
2026-01-27 11:48:22 - func_intent_judgment - INFO - 开始意图判断,query='介绍园区安全信息...'
2026-01-27 11:48:22 - func_intent_judgment - INFO - 开始意图判断 | query=介绍园区安全信息
2026-01-27 11:48:23 - func_intent_judgment - INFO - 最高相似度=0.5376, 知识库=岱山-指令集
2026-01-27 11:48:23 - func_intent_judgment - INFO - 知识库映射成功: 岱山-指令集 -> type=1
2026-01-27 11:48:23 - func_intent_judgment - INFO - 意图判断完成: type=1, 知识库=岱山-指令集, 相似度=0.5376, 返回结果数=5
2026-01-27 11:48:23 - func_intent_judgment - INFO - 意图判断完成 | type=1 | database=岱山-指令集 | similarity=0.5375771193709197 | results_count=5
2026-01-27 11:51:36 - func_intent_judgment - INFO - 开始意图判断,query='介绍园区安全信息...'
2026-01-27 11:51:36 - func_intent_judgment - INFO - 开始意图判断 | query=介绍园区安全信息
2026-01-27 11:51:38 - func_intent_judgment - INFO - 最高相似度=0.5376, 知识库=岱山-指令集
2026-01-27 11:51:38 - func_intent_judgment - INFO - 知识库映射成功: 岱山-指令集 -> type=1
2026-01-27 11:51:38 - func_intent_judgment - INFO - 意图判断完成: type=1, 知识库=岱山-指令集, 相似度=0.5376, 返回结果数=5
2026-01-27 11:51:38 - func_intent_judgment - INFO - 意图判断完成 | type=1 | database=岱山-指令集 | similarity=0.5375771193709197 | results_count=5
2026-01-27 11:52:40 - func_intent_judgment - INFO - 开始意图判断,query='园区介绍...'
2026-01-27 11:52:40 - func_intent_judgment - INFO - 开始意图判断 | query=园区介绍
2026-01-27 11:52:41 - func_intent_judgment - INFO - 最高相似度=0.7467, 知识库=岱山-指令集
2026-01-27 11:52:41 - func_intent_judgment - INFO - 知识库映射成功: 岱山-指令集 -> type=1
2026-01-27 11:52:41 - func_intent_judgment - INFO - 意图判断完成: type=1, 知识库=岱山-指令集, 相似度=0.7467, 返回结果数=5
2026-01-27 11:52:41 - func_intent_judgment - INFO - 意图判断完成 | type=1 | database=岱山-指令集 | similarity=0.7467207316943092 | results_count=5
2026-01-27 11:52:56 - func_intent_judgment - INFO - 开始意图判断,query='企业介绍...'
2026-01-27 11:52:56 - func_intent_judgment - INFO - 开始意图判断 | query=企业介绍
2026-01-27 11:52:56 - func_intent_judgment - INFO - 最高相似度=0.7203, 知识库=岱山-指令集
2026-01-27 11:52:56 - func_intent_judgment - INFO - 知识库映射成功: 岱山-指令集 -> type=1
2026-01-27 11:52:56 - func_intent_judgment - INFO - 意图判断完成: type=1, 知识库=岱山-指令集, 相似度=0.7203, 返回结果数=5
2026-01-27 11:52:56 - func_intent_judgment - INFO - 意图判断完成 | type=1 | database=岱山-指令集 | similarity=0.7202726308651312 | results_count=5
2026-01-27 12:09:46 - func_intent_judgment - INFO - 开始意图判断,query='园区介绍...'
2026-01-27 12:09:46 - func_intent_judgment - INFO - 开始意图判断 | query=园区介绍
2026-01-27 12:09:50 - func_intent_judgment - INFO - 最高相似度=0.7510, 知识库=岱山-指令集
2026-01-27 12:09:50 - func_intent_judgment - INFO - 知识库映射成功: 岱山-指令集 -> type=1
2026-01-27 12:09:50 - func_intent_judgment - INFO - 意图判断完成: type=1, 知识库=岱山-指令集, 相似度=0.7510, 返回结果数=5
2026-01-27 12:09:50 - func_intent_judgment - INFO - 意图判断完成 | type=1 | database=岱山-指令集 | similarity=0.7509961225659321 | results_count=5
2026-01-27 12:10:14 - func_intent_judgment - INFO - 开始意图判断,query='园区介绍...'
2026-01-27 12:10:14 - func_intent_judgment - INFO - 开始意图判断 | query=园区介绍
2026-01-27 12:10:15 - func_intent_judgment - INFO - 最高相似度=0.7510, 知识库=岱山-指令集
2026-01-27 12:10:15 - func_intent_judgment - INFO - 知识库映射成功: 岱山-指令集 -> type=1
2026-01-27 12:10:15 - func_intent_judgment - INFO - 意图判断完成: type=1, 知识库=岱山-指令集, 相似度=0.7510, 返回结果数=5
2026-01-27 12:10:15 - func_intent_judgment - INFO - 意图判断完成 | type=1 | database=岱山-指令集 | similarity=0.7509961225659321 | results_count=5
2026-01-27 12:11:52 - func_intent_judgment - INFO - 开始意图判断,query='园区介绍...'
2026-01-27 12:11:52 - func_intent_judgment - INFO - 开始意图判断 | query=园区介绍
2026-01-27 12:11:53 - func_intent_judgment - INFO - 最高相似度=0.7510, 知识库=岱山-指令集
2026-01-27 12:11:53 - func_intent_judgment - INFO - 知识库映射成功: 岱山-指令集 -> type=1
2026-01-27 12:11:53 - func_intent_judgment - INFO - 意图判断完成: type=1, 知识库=岱山-指令集, 相似度=0.7510, 返回结果数=5
2026-01-27 12:11:53 - func_intent_judgment - INFO - 意图判断完成 | type=1 | database=岱山-指令集 | similarity=0.7509961225659321 | results_count=5
2026-01-27 12:15:28 - func_intent_judgment - INFO - 开始意图判断,query='园区介绍...'
2026-01-27 12:15:28 - func_intent_judgment - INFO - 开始意图判断 | query=园区介绍
2026-01-27 12:15:28 - func_intent_judgment - INFO - 最高相似度=0.7510, 知识库=岱山-指令集
2026-01-27 12:15:28 - func_intent_judgment - INFO - 知识库映射成功: 岱山-指令集 -> type=1
2026-01-27 12:15:28 - func_intent_judgment - INFO - 意图判断完成: type=1, 知识库=岱山-指令集, 相似度=0.7510, 返回结果数=5
2026-01-27 12:15:28 - func_intent_judgment - INFO - 意图判断完成 | type=1 | database=岱山-指令集 | similarity=0.7509961225659321 | results_count=5
2026-01-27 12:15:46 - func_intent_judgment - INFO - 开始意图判断,query='园区企业介绍...'
2026-01-27 12:15:46 - func_intent_judgment - INFO - 开始意图判断 | query=园区企业介绍
2026-01-27 12:15:47 - func_intent_judgment - INFO - 最高相似度=0.8023, 知识库=岱山-指令集
2026-01-27 12:15:47 - func_intent_judgment - INFO - 知识库映射成功: 岱山-指令集 -> type=1
2026-01-27 12:15:47 - func_intent_judgment - INFO - 意图判断完成: type=1, 知识库=岱山-指令集, 相似度=0.8023, 返回结果数=5
2026-01-27 12:15:47 - func_intent_judgment - INFO - 意图判断完成 | type=1 | database=岱山-指令集 | similarity=0.8022930903521874 | results_count=5
2026-01-27 12:18:46 - func_intent_judgment - INFO - 开始意图判断,query='介绍润和催化材料（浙江）有限公司...'
2026-01-27 12:18:46 - func_intent_judgment - INFO - 开始意图判断 | query=介绍润和催化材料（浙江）有限公司
2026-01-27 12:18:47 - func_intent_judgment - INFO - 最高相似度=0.2354, 知识库=岱山-指令集
2026-01-27 12:18:47 - func_intent_judgment - WARNING - 相似度 0.2354 < 阈值 0.4,降级到 type=0
2026-01-27 12:18:47 - func_intent_judgment - WARNING - 降级到 type=0 | reason=相似度不足 | similarity=0.23544285389227126 | threshold=0.4
2026-01-27 12:18:47 - func_intent_judgment - INFO - 意图判断完成: type=0, 知识库=岱山-指令集, 相似度=0.2354, 返回结果数=5
2026-01-27 12:18:47 - func_intent_judgment - INFO - 意图判断完成 | type=0 | database=岱山-指令集 | similarity=0.23544285389227126 | results_count=5
2026-01-27 12:19:45 - func_intent_judgment - INFO - 开始意图判断,query='目前还有哪些AI报警处于待处理状态？...'
2026-01-27 12:19:45 - func_intent_judgment - INFO - 开始意图判断 | query=目前还有哪些AI报警处于待处理状态？
2026-01-27 12:19:46 - func_intent_judgment - WARNING - RAGFlow 返回空结果,降级到 type=0
2026-01-27 12:19:46 - func_intent_judgment - WARNING - 降级到 type=0 | reason=RAGFlow 返回空结果
2026-01-27 12:28:21 - func_intent_judgment - INFO - 开始意图判断,query='目前还有哪些AI报警处于待处理状态？...'
2026-01-27 12:28:21 - func_intent_judgment - INFO - 开始意图判断 | query=目前还有哪些AI报警处于待处理状态？
2026-01-27 12:28:22 - func_intent_judgment - INFO - 最高相似度=0.6610, 知识库=岱山-数据库问题
2026-01-27 12:28:22 - func_intent_judgment - INFO - 知识库映射成功: 岱山-数据库问题 -> type=2
2026-01-27 12:28:22 - func_intent_judgment - INFO - 意图判断完成: type=2, 知识库=岱山-数据库问题, 相似度=0.6610, 返回结果数=5
2026-01-27 12:28:22 - func_intent_judgment - INFO - 意图判断完成 | type=2 | database=岱山-数据库问题 | similarity=0.6609925747798098 | results_count=5
2026-01-27 12:28:41 - func_intent_judgment - INFO - 开始意图判断,query='介绍催化有限公司...'
2026-01-27 12:28:41 - func_intent_judgment - INFO - 开始意图判断 | query=介绍催化有限公司
2026-01-27 12:28:41 - func_intent_judgment - INFO - 最高相似度=0.4851, 知识库=岱山-数据库问题
2026-01-27 12:28:41 - func_intent_judgment - INFO - 知识库映射成功: 岱山-数据库问题 -> type=2
2026-01-27 12:28:41 - func_intent_judgment - INFO - 意图判断完成: type=2, 知识库=岱山-数据库问题, 相似度=0.4851, 返回结果数=5
2026-01-27 12:28:41 - func_intent_judgment - INFO - 意图判断完成 | type=2 | database=岱山-数据库问题 | similarity=0.4851086527242755 | results_count=5
2026-01-27 12:29:11 - func_intent_judgment - INFO - 开始意图判断,query='介绍一下XX有限公司...'
2026-01-27 12:29:11 - func_intent_judgment - INFO - 开始意图判断 | query=介绍一下XX有限公司
2026-01-27 12:29:12 - func_intent_judgment - INFO - 最高相似度=0.5176, 知识库=岱山-数据库问题
2026-01-27 12:29:12 - func_intent_judgment - INFO - 知识库映射成功: 岱山-数据库问题 -> type=2
2026-01-27 12:29:12 - func_intent_judgment - INFO - 意图判断完成: type=2, 知识库=岱山-数据库问题, 相似度=0.5176, 返回结果数=5
2026-01-27 12:29:12 - func_intent_judgment - INFO - 意图判断完成 | type=2 | database=岱山-数据库问题 | similarity=0.5175734128905987 | results_count=5
2026-01-27 12:29:47 - func_intent_judgment - INFO - 开始意图判断,query='介绍一下XX有限公司...'
2026-01-27 12:29:47 - func_intent_judgment - INFO - 开始意图判断 | query=介绍一下XX有限公司
2026-01-27 12:29:48 - func_intent_judgment - INFO - 最高相似度=0.5176, 知识库=岱山-数据库问题
2026-01-27 12:29:48 - func_intent_judgment - INFO - 知识库映射成功: 岱山-数据库问题 -> type=2
2026-01-27 12:29:48 - func_intent_judgment - INFO - 意图判断完成: type=2, 知识库=岱山-数据库问题, 相似度=0.5176, 返回结果数=5
2026-01-27 12:29:48 - func_intent_judgment - INFO - 意图判断完成 | type=2 | database=岱山-数据库问题 | similarity=0.5175734128905987 | results_count=5
2026-01-27 12:32:50 - func_intent_judgment - INFO - 开始意图判断,query='介绍安全态势...'
2026-01-27 12:32:50 - func_intent_judgment - INFO - 开始意图判断 | query=介绍安全态势
2026-01-27 12:32:51 - func_intent_judgment - INFO - 最高相似度=0.4858, 知识库=岱山-指令集
2026-01-27 12:32:51 - func_intent_judgment - INFO - 知识库映射成功: 岱山-指令集 -> type=1
2026-01-27 12:32:51 - func_intent_judgment - INFO - 意图判断完成: type=1, 知识库=岱山-指令集, 相似度=0.4858, 返回结果数=5
2026-01-27 12:32:51 - func_intent_judgment - INFO - 意图判断完成 | type=1 | database=岱山-指令集 | similarity=0.485848494390028 | results_count=5
2026-01-27 12:34:04 - func_intent_judgment - INFO - 开始意图判断,query='介绍安全态势...'
2026-01-27 12:34:04 - func_intent_judgment - INFO - 开始意图判断 | query=介绍安全态势
2026-01-27 12:34:05 - func_intent_judgment - INFO - 最高相似度=0.4858, 知识库=岱山-指令集
2026-01-27 12:34:05 - func_intent_judgment - INFO - 知识库映射成功: 岱山-指令集 -> type=1
2026-01-27 12:34:05 - func_intent_judgment - INFO - 意图判断完成: type=1, 知识库=岱山-指令集, 相似度=0.4858, 返回结果数=5
2026-01-27 12:34:05 - func_intent_judgment - INFO - 意图判断完成 | type=1 | database=岱山-指令集 | similarity=0.485848494390028 | results_count=5
2026-01-27 12:34:56 - func_intent_judgment - INFO - 开始意图判断,query='介绍园区企业...'
2026-01-27 12:34:56 - func_intent_judgment - INFO - 开始意图判断 | query=介绍园区企业
2026-01-27 12:34:57 - func_intent_judgment - INFO - 最高相似度=0.8100, 知识库=岱山-指令集
2026-01-27 12:34:57 - func_intent_judgment - INFO - 知识库映射成功: 岱山-指令集 -> type=1
2026-01-27 12:34:57 - func_intent_judgment - INFO - 意图判断完成: type=1, 知识库=岱山-指令集, 相似度=0.8100, 返回结果数=5
2026-01-27 12:34:57 - func_intent_judgment - INFO - 意图判断完成 | type=1 | database=岱山-指令集 | similarity=0.8100220090113868 | results_count=5
