2026-01-26 18:07:29 - func_ragflow_client - WARNING - 未找到以下知识库: 园区知识库, 企业知识库, 安全信息知识库, 法律法规知识库, 标准规范知识库, 应急知识知识库
2026-01-26 18:07:29 - func_ragflow_client - INFO - RAGFlow 客户端初始化成功,已加载 0 个知识库
2026-01-26 18:07:29 - func_ragflow_client - INFO - 连接测试成功
2026-01-26 18:10:22 - func_ragflow_client - WARNING - 未找到以下知识库: 园区知识库, 企业知识库, 安全信息知识库, 法律法规知识库, 标准规范知识库, 应急知识知识库
2026-01-26 18:10:22 - func_ragflow_client - INFO - RAGFlow 客户端初始化成功,已加载 0 个知识库
2026-01-26 18:10:22 - func_ragflow_client - INFO - 连接测试成功
2026-01-26 18:10:50 - func_ragflow_client - WARNING - 未找到以下知识库: 园区知识库, 企业知识库, 安全信息知识库, 法律法规知识库, 标准规范知识库, 应急知识知识库
2026-01-26 18:10:50 - func_ragflow_client - INFO - RAGFlow 客户端初始化成功,已加载 0 个知识库
2026-01-26 18:10:50 - func_ragflow_client - INFO - 连接测试成功
2026-01-26 18:13:26 - func_ragflow_client - INFO - 找到知识库 '岱山-指令集',ID: 28b95942f02c11f09b622ac08b8dde63
2026-01-26 18:13:26 - func_ragflow_client - INFO - 找到知识库 '岱山-数据库问题-5张表',ID: 218bcfbef02311f085842ac08b8dde63
2026-01-26 18:13:26 - func_ragflow_client - INFO - RAGFlow 客户端初始化成功,已加载 2 个知识库
2026-01-26 18:13:26 - func_ragflow_client - INFO - 连接测试成功
2026-01-26 19:22:04 - func_ragflow_client - INFO - 找到知识库 '岱山-指令集',ID: 28b95942f02c11f09b622ac08b8dde63
2026-01-26 19:22:04 - func_ragflow_client - INFO - 找到知识库 '岱山-数据库问题-5张表',ID: 218bcfbef02311f085842ac08b8dde63
2026-01-26 19:22:04 - func_ragflow_client - INFO - RAGFlow 客户端初始化成功,已加载 2 个知识库
2026-01-26 19:22:04 - func_ragflow_client - INFO - 连接测试成功
2026-01-26 19:28:24 - func_ragflow_client - INFO - 找到知识库 '岱山-指令集',ID: 28b95942f02c11f09b622ac08b8dde63
2026-01-26 19:28:24 - func_ragflow_client - INFO - 找到知识库 '岱山-数据库问题-5张表',ID: 218bcfbef02311f085842ac08b8dde63
2026-01-26 19:28:24 - func_ragflow_client - INFO - RAGFlow 客户端初始化成功,已加载 2 个知识库
2026-01-26 19:28:24 - func_ragflow_client - INFO - 连接测试成功
2026-01-26 19:28:39 - func_ragflow_client - INFO - 找到知识库 '岱山-指令集',ID: 28b95942f02c11f09b622ac08b8dde63
2026-01-26 19:28:39 - func_ragflow_client - INFO - 找到知识库 '岱山-数据库问题-5张表',ID: 218bcfbef02311f085842ac08b8dde63
2026-01-26 19:28:39 - func_ragflow_client - INFO - RAGFlow 客户端初始化成功,已加载 2 个知识库
2026-01-26 19:28:39 - func_ragflow_client - INFO - 连接测试成功
2026-01-26 19:32:44 - func_ragflow_client - INFO - 找到知识库 '岱山-指令集',ID: 28b95942f02c11f09b622ac08b8dde63
2026-01-26 19:32:44 - func_ragflow_client - INFO - 找到知识库 '岱山-数据库问题-5张表',ID: 218bcfbef02311f085842ac08b8dde63
2026-01-26 19:32:44 - func_ragflow_client - INFO - RAGFlow 客户端初始化成功,已加载 2 个知识库
2026-01-26 19:32:45 - func_ragflow_client - INFO - 找到知识库 '岱山-指令集',ID: 28b95942f02c11f09b622ac08b8dde63
2026-01-26 19:32:45 - func_ragflow_client - INFO - 找到知识库 '岱山-数据库问题-5张表',ID: 218bcfbef02311f085842ac08b8dde63
2026-01-26 19:32:45 - func_ragflow_client - INFO - RAGFlow 客户端初始化成功,已加载 2 个知识库
2026-01-26 19:32:45 - func_ragflow_client - INFO - 连接测试成功
2026-01-26 19:32:48 - func_ragflow_client - INFO - 开始查询所有知识库,query='你好...'
2026-01-26 19:32:48 - func_ragflow_client - INFO - 查询知识库: 岱山-指令集
2026-01-26 19:32:48 - func_ragflow_client - INFO - 查询知识库: 岱山-数据库问题-5张表
2026-01-26 19:32:50 - func_ragflow_client - INFO - 知识库 '岱山-数据库问题-5张表' 查询成功,返回 0 条结果
2026-01-26 19:32:50 - func_ragflow_client - INFO - 知识库 '岱山-指令集' 查询成功,返回 0 条结果
2026-01-26 19:32:50 - func_ragflow_client - INFO - 查询完成,共获得 0 条结果
2026-01-26 19:36:32 - func_ragflow_client - INFO - 找到知识库 '岱山-指令集',ID: 28b95942f02c11f09b622ac08b8dde63
2026-01-26 19:36:32 - func_ragflow_client - INFO - 找到知识库 '岱山-数据库问题-5张表',ID: 218bcfbef02311f085842ac08b8dde63
2026-01-26 19:36:32 - func_ragflow_client - INFO - RAGFlow 客户端初始化成功,已加载 2 个知识库
2026-01-26 19:36:32 - func_ragflow_client - INFO - 找到知识库 '岱山-指令集',ID: 28b95942f02c11f09b622ac08b8dde63
2026-01-26 19:36:32 - func_ragflow_client - INFO - 找到知识库 '岱山-数据库问题-5张表',ID: 218bcfbef02311f085842ac08b8dde63
2026-01-26 19:36:32 - func_ragflow_client - INFO - RAGFlow 客户端初始化成功,已加载 2 个知识库
2026-01-26 19:36:32 - func_ragflow_client - INFO - 连接测试成功
2026-01-26 19:36:36 - func_ragflow_client - INFO - 开始查询所有知识库,query='你好...'
2026-01-26 19:36:36 - func_ragflow_client - INFO - 查询知识库: 岱山-指令集
2026-01-26 19:36:36 - func_ragflow_client - INFO - 查询知识库: 岱山-数据库问题-5张表
2026-01-26 19:36:37 - func_ragflow_client - INFO - 知识库 '岱山-指令集' 查询成功,返回 0 条结果
2026-01-26 19:36:38 - func_ragflow_client - INFO - 知识库 '岱山-数据库问题-5张表' 查询成功,返回 0 条结果
2026-01-26 19:36:38 - func_ragflow_client - INFO - 查询完成,共获得 0 条结果
2026-01-26 19:41:39 - func_ragflow_client - INFO - 找到知识库 '岱山-指令集',ID: 28b95942f02c11f09b622ac08b8dde63
2026-01-26 19:41:39 - func_ragflow_client - INFO - 找到知识库 '岱山-数据库问题-5张表',ID: 218bcfbef02311f085842ac08b8dde63
2026-01-26 19:41:39 - func_ragflow_client - INFO - RAGFlow 客户端初始化成功,已加载 2 个知识库
2026-01-26 19:41:39 - func_ragflow_client - INFO - 找到知识库 '岱山-指令集',ID: 28b95942f02c11f09b622ac08b8dde63
2026-01-26 19:41:39 - func_ragflow_client - INFO - 找到知识库 '岱山-数据库问题-5张表',ID: 218bcfbef02311f085842ac08b8dde63
2026-01-26 19:41:39 - func_ragflow_client - INFO - RAGFlow 客户端初始化成功,已加载 2 个知识库
2026-01-26 19:41:39 - func_ragflow_client - INFO - 连接测试成功
2026-01-26 19:41:45 - func_ragflow_client - INFO - 开始查询所有知识库,query='你好...'
2026-01-26 19:41:45 - func_ragflow_client - INFO - 查询知识库: 岱山-指令集
2026-01-26 19:41:45 - func_ragflow_client - INFO - 查询知识库: 岱山-数据库问题-5张表
2026-01-26 19:41:46 - func_ragflow_client - INFO - 知识库 '岱山-指令集' 查询成功,返回 0 条结果
2026-01-26 19:41:46 - func_ragflow_client - INFO - 知识库 '岱山-数据库问题-5张表' 查询成功,返回 0 条结果
2026-01-26 19:41:46 - func_ragflow_client - INFO - 查询完成,共获得 0 条结果
2026-01-26 19:44:07 - func_ragflow_client - INFO - 找到知识库 '岱山-指令集',ID: 28b95942f02c11f09b622ac08b8dde63
2026-01-26 19:44:07 - func_ragflow_client - INFO - 找到知识库 '岱山-数据库问题-5张表',ID: 218bcfbef02311f085842ac08b8dde63
2026-01-26 19:44:07 - func_ragflow_client - INFO - RAGFlow 客户端初始化成功,已加载 2 个知识库
2026-01-26 19:44:07 - func_ragflow_client - INFO - 找到知识库 '岱山-指令集',ID: 28b95942f02c11f09b622ac08b8dde63
2026-01-26 19:44:07 - func_ragflow_client - INFO - 找到知识库 '岱山-数据库问题-5张表',ID: 218bcfbef02311f085842ac08b8dde63
2026-01-26 19:44:07 - func_ragflow_client - INFO - RAGFlow 客户端初始化成功,已加载 2 个知识库
2026-01-26 19:44:07 - func_ragflow_client - INFO - 连接测试成功
2026-01-26 19:44:09 - func_ragflow_client - INFO - 开始查询所有知识库,query='你好...'
2026-01-26 19:44:09 - func_ragflow_client - INFO - 查询知识库: 岱山-指令集
2026-01-26 19:44:09 - func_ragflow_client - INFO - 查询知识库: 岱山-数据库问题-5张表
2026-01-26 19:44:10 - func_ragflow_client - INFO - 知识库 '岱山-指令集' 查询成功,返回 0 条结果
2026-01-26 19:44:10 - func_ragflow_client - INFO - 知识库 '岱山-数据库问题-5张表' 查询成功,返回 0 条结果
2026-01-26 19:44:10 - func_ragflow_client - INFO - 查询完成,共获得 0 条结果
2026-01-26 19:45:44 - func_ragflow_client - INFO - 找到知识库 '岱山-指令集',ID: 28b95942f02c11f09b622ac08b8dde63
2026-01-26 19:45:44 - func_ragflow_client - INFO - 找到知识库 '岱山-数据库问题-5张表',ID: 218bcfbef02311f085842ac08b8dde63
2026-01-26 19:45:44 - func_ragflow_client - INFO - RAGFlow 客户端初始化成功,已加载 2 个知识库
2026-01-26 19:45:44 - func_ragflow_client - INFO - 找到知识库 '岱山-指令集',ID: 28b95942f02c11f09b622ac08b8dde63
2026-01-26 19:45:44 - func_ragflow_client - INFO - 找到知识库 '岱山-数据库问题-5张表',ID: 218bcfbef02311f085842ac08b8dde63
2026-01-26 19:45:44 - func_ragflow_client - INFO - RAGFlow 客户端初始化成功,已加载 2 个知识库
2026-01-26 19:45:44 - func_ragflow_client - INFO - 连接测试成功
2026-01-26 19:45:46 - func_ragflow_client - INFO - 开始查询所有知识库,query='你好...'
2026-01-26 19:45:46 - func_ragflow_client - INFO - 查询知识库: 岱山-指令集
2026-01-26 19:45:46 - func_ragflow_client - INFO - 查询知识库: 岱山-数据库问题-5张表
2026-01-26 19:45:50 - func_ragflow_client - INFO - 知识库 '岱山-数据库问题-5张表' 查询成功,返回 0 条结果
2026-01-26 19:45:50 - func_ragflow_client - INFO - 知识库 '岱山-指令集' 查询成功,返回 0 条结果
2026-01-26 19:45:50 - func_ragflow_client - INFO - 查询完成,共获得 0 条结果
2026-01-26 19:48:00 - func_ragflow_client - INFO - 找到知识库 '岱山-指令集',ID: 28b95942f02c11f09b622ac08b8dde63
2026-01-26 19:48:00 - func_ragflow_client - INFO - 找到知识库 '岱山-数据库问题-5张表',ID: 218bcfbef02311f085842ac08b8dde63
2026-01-26 19:48:00 - func_ragflow_client - INFO - RAGFlow 客户端初始化成功,已加载 2 个知识库
2026-01-26 19:48:00 - func_ragflow_client - INFO - 找到知识库 '岱山-指令集',ID: 28b95942f02c11f09b622ac08b8dde63
2026-01-26 19:48:00 - func_ragflow_client - INFO - 找到知识库 '岱山-数据库问题-5张表',ID: 218bcfbef02311f085842ac08b8dde63
2026-01-26 19:48:00 - func_ragflow_client - INFO - RAGFlow 客户端初始化成功,已加载 2 个知识库
2026-01-26 19:48:00 - func_ragflow_client - INFO - 连接测试成功
2026-01-26 19:48:03 - func_ragflow_client - INFO - 开始查询所有知识库,query='你好...'
2026-01-26 19:48:03 - func_ragflow_client - INFO - 查询知识库: 岱山-指令集
2026-01-26 19:48:03 - func_ragflow_client - INFO - 查询知识库: 岱山-数据库问题-5张表
2026-01-26 19:48:09 - func_ragflow_client - INFO - 知识库 '岱山-数据库问题-5张表' 查询成功,返回 0 条结果
2026-01-26 19:48:09 - func_ragflow_client - INFO - 知识库 '岱山-指令集' 查询成功,返回 0 条结果
2026-01-26 19:48:09 - func_ragflow_client - INFO - 查询完成,共获得 0 条结果
2026-01-26 19:52:05 - func_ragflow_client - INFO - 找到知识库 '岱山-指令集',ID: 28b95942f02c11f09b622ac08b8dde63
2026-01-26 19:52:05 - func_ragflow_client - INFO - 找到知识库 '岱山-数据库问题-5张表',ID: 218bcfbef02311f085842ac08b8dde63
2026-01-26 19:52:05 - func_ragflow_client - INFO - RAGFlow 客户端初始化成功,已加载 2 个知识库
2026-01-26 19:52:06 - func_ragflow_client - INFO - 找到知识库 '岱山-指令集',ID: 28b95942f02c11f09b622ac08b8dde63
2026-01-26 19:52:06 - func_ragflow_client - INFO - 找到知识库 '岱山-数据库问题-5张表',ID: 218bcfbef02311f085842ac08b8dde63
2026-01-26 19:52:06 - func_ragflow_client - INFO - RAGFlow 客户端初始化成功,已加载 2 个知识库
2026-01-26 19:52:06 - func_ragflow_client - INFO - 连接测试成功
2026-01-26 19:52:09 - func_ragflow_client - INFO - 开始查询所有知识库,query='你好...'
2026-01-26 19:52:09 - func_ragflow_client - INFO - 查询知识库: 岱山-指令集
2026-01-26 19:52:09 - func_ragflow_client - INFO - 查询知识库: 岱山-数据库问题-5张表
2026-01-26 19:52:11 - func_ragflow_client - INFO - 知识库 '岱山-数据库问题-5张表' 查询成功,返回 0 条结果
2026-01-26 19:52:11 - func_ragflow_client - INFO - 知识库 '岱山-指令集' 查询成功,返回 0 条结果
2026-01-26 19:52:11 - func_ragflow_client - INFO - 查询完成,共获得 0 条结果
2026-01-26 19:58:53 - func_ragflow_client - INFO - 找到知识库 '岱山-指令集',ID: 28b95942f02c11f09b622ac08b8dde63
2026-01-26 19:58:53 - func_ragflow_client - INFO - 找到知识库 '岱山-数据库问题-5张表',ID: 218bcfbef02311f085842ac08b8dde63
2026-01-26 19:58:53 - func_ragflow_client - INFO - RAGFlow 客户端初始化成功,已加载 2 个知识库
2026-01-26 19:58:53 - func_ragflow_client - INFO - 找到知识库 '岱山-指令集',ID: 28b95942f02c11f09b622ac08b8dde63
2026-01-26 19:58:53 - func_ragflow_client - INFO - 找到知识库 '岱山-数据库问题-5张表',ID: 218bcfbef02311f085842ac08b8dde63
2026-01-26 19:58:53 - func_ragflow_client - INFO - RAGFlow 客户端初始化成功,已加载 2 个知识库
2026-01-26 19:58:53 - func_ragflow_client - INFO - 连接测试成功
2026-01-26 19:58:54 - func_ragflow_client - INFO - 开始查询所有知识库,query='你好...'
2026-01-26 19:58:54 - func_ragflow_client - INFO - 查询知识库: 岱山-指令集
2026-01-26 19:58:54 - func_ragflow_client - INFO - 查询知识库: 岱山-数据库问题-5张表
2026-01-26 19:59:03 - func_ragflow_client - INFO - 知识库 '岱山-数据库问题-5张表' 查询成功,返回 0 条结果
2026-01-26 19:59:03 - func_ragflow_client - INFO - 知识库 '岱山-指令集' 查询成功,返回 0 条结果
2026-01-26 19:59:03 - func_ragflow_client - INFO - 查询完成,共获得 0 条结果
2026-01-26 20:00:59 - func_ragflow_client - INFO - 找到知识库 '岱山-指令集',ID: 28b95942f02c11f09b622ac08b8dde63
2026-01-26 20:00:59 - func_ragflow_client - INFO - 找到知识库 '岱山-数据库问题-5张表',ID: 218bcfbef02311f085842ac08b8dde63
2026-01-26 20:00:59 - func_ragflow_client - INFO - RAGFlow 客户端初始化成功,已加载 2 个知识库
2026-01-26 20:00:59 - func_ragflow_client - INFO - 找到知识库 '岱山-指令集',ID: 28b95942f02c11f09b622ac08b8dde63
2026-01-26 20:00:59 - func_ragflow_client - INFO - 找到知识库 '岱山-数据库问题-5张表',ID: 218bcfbef02311f085842ac08b8dde63
2026-01-26 20:00:59 - func_ragflow_client - INFO - RAGFlow 客户端初始化成功,已加载 2 个知识库
2026-01-26 20:00:59 - func_ragflow_client - INFO - 连接测试成功
2026-01-26 20:01:01 - func_ragflow_client - INFO - 开始查询所有知识库,query='你好...'
2026-01-26 20:01:01 - func_ragflow_client - INFO - 查询知识库: 岱山-指令集
2026-01-26 20:01:01 - func_ragflow_client - INFO - 查询知识库: 岱山-数据库问题-5张表
2026-01-26 20:01:02 - func_ragflow_client - INFO - 知识库 '岱山-指令集' 查询成功,返回 0 条结果
2026-01-26 20:01:02 - func_ragflow_client - INFO - 知识库 '岱山-数据库问题-5张表' 查询成功,返回 0 条结果
2026-01-26 20:01:02 - func_ragflow_client - INFO - 查询完成,共获得 0 条结果
2026-01-27 10:41:29 - func_ragflow_client - INFO - 找到知识库 '岱山-指令集',ID: 28b95942f02c11f09b622ac08b8dde63
2026-01-27 10:41:29 - func_ragflow_client - INFO - 找到知识库 '岱山-数据库问题-5张表',ID: 218bcfbef02311f085842ac08b8dde63
2026-01-27 10:41:29 - func_ragflow_client - INFO - RAGFlow 客户端初始化成功,已加载 2 个知识库
2026-01-27 10:41:29 - func_ragflow_client - INFO - 找到知识库 '岱山-指令集',ID: 28b95942f02c11f09b622ac08b8dde63
2026-01-27 10:41:29 - func_ragflow_client - INFO - 找到知识库 '岱山-数据库问题-5张表',ID: 218bcfbef02311f085842ac08b8dde63
2026-01-27 10:41:29 - func_ragflow_client - INFO - RAGFlow 客户端初始化成功,已加载 2 个知识库
2026-01-27 10:41:29 - func_ragflow_client - INFO - 连接测试成功
2026-01-27 10:42:31 - func_ragflow_client - INFO - 找到知识库 '岱山-指令集',ID: 28b95942f02c11f09b622ac08b8dde63
2026-01-27 10:42:31 - func_ragflow_client - INFO - 找到知识库 '岱山-数据库问题-5张表',ID: 218bcfbef02311f085842ac08b8dde63
2026-01-27 10:42:31 - func_ragflow_client - INFO - RAGFlow 客户端初始化成功,已加载 2 个知识库
2026-01-27 10:42:31 - func_ragflow_client - INFO - 找到知识库 '岱山-指令集',ID: 28b95942f02c11f09b622ac08b8dde63
2026-01-27 10:42:31 - func_ragflow_client - INFO - 找到知识库 '岱山-数据库问题-5张表',ID: 218bcfbef02311f085842ac08b8dde63
2026-01-27 10:42:31 - func_ragflow_client - INFO - RAGFlow 客户端初始化成功,已加载 2 个知识库
2026-01-27 10:42:31 - func_ragflow_client - INFO - 连接测试成功
2026-01-27 10:45:25 - func_ragflow_client - INFO - 找到知识库 '岱山-指令集',ID: 28b95942f02c11f09b622ac08b8dde63
2026-01-27 10:45:25 - func_ragflow_client - INFO - 找到知识库 '岱山-数据库问题-5张表',ID: 218bcfbef02311f085842ac08b8dde63
2026-01-27 10:45:25 - func_ragflow_client - INFO - RAGFlow 客户端初始化成功,已加载 2 个知识库
2026-01-27 10:45:25 - func_ragflow_client - INFO - 找到知识库 '岱山-指令集',ID: 28b95942f02c11f09b622ac08b8dde63
2026-01-27 10:45:25 - func_ragflow_client - INFO - 找到知识库 '岱山-数据库问题-5张表',ID: 218bcfbef02311f085842ac08b8dde63
2026-01-27 10:45:25 - func_ragflow_client - INFO - RAGFlow 客户端初始化成功,已加载 2 个知识库
2026-01-27 10:45:25 - func_ragflow_client - INFO - 连接测试成功
2026-01-27 10:45:30 - func_ragflow_client - INFO - 开始查询所有知识库,query='你好...'
2026-01-27 10:45:30 - func_ragflow_client - INFO - 查询知识库: 岱山-指令集
2026-01-27 10:45:30 - func_ragflow_client - INFO - 查询知识库: 岱山-数据库问题-5张表
2026-01-27 10:45:31 - func_ragflow_client - INFO - 知识库 '岱山-指令集' 查询成功,返回 0 条结果
2026-01-27 10:45:31 - func_ragflow_client - INFO - 知识库 '岱山-数据库问题-5张表' 查询成功,返回 0 条结果
2026-01-27 10:45:31 - func_ragflow_client - INFO - 查询完成,共获得 0 条结果
2026-01-27 10:46:40 - func_ragflow_client - INFO - 找到知识库 '岱山-指令集',ID: 28b95942f02c11f09b622ac08b8dde63
2026-01-27 10:46:40 - func_ragflow_client - INFO - 找到知识库 '岱山-数据库问题-5张表',ID: 218bcfbef02311f085842ac08b8dde63
2026-01-27 10:46:40 - func_ragflow_client - INFO - RAGFlow 客户端初始化成功,已加载 2 个知识库
2026-01-27 10:46:40 - func_ragflow_client - INFO - 找到知识库 '岱山-指令集',ID: 28b95942f02c11f09b622ac08b8dde63
2026-01-27 10:46:40 - func_ragflow_client - INFO - 找到知识库 '岱山-数据库问题-5张表',ID: 218bcfbef02311f085842ac08b8dde63
2026-01-27 10:46:40 - func_ragflow_client - INFO - RAGFlow 客户端初始化成功,已加载 2 个知识库
2026-01-27 10:46:40 - func_ragflow_client - INFO - 连接测试成功
2026-01-27 10:50:52 - func_ragflow_client - INFO - 找到知识库 '岱山-指令集',ID: 28b95942f02c11f09b622ac08b8dde63
2026-01-27 10:50:52 - func_ragflow_client - INFO - 找到知识库 '岱山-数据库问题-5张表',ID: 218bcfbef02311f085842ac08b8dde63
2026-01-27 10:50:52 - func_ragflow_client - INFO - RAGFlow 客户端初始化成功,已加载 2 个知识库
2026-01-27 10:50:52 - func_ragflow_client - INFO - 找到知识库 '岱山-指令集',ID: 28b95942f02c11f09b622ac08b8dde63
2026-01-27 10:50:52 - func_ragflow_client - INFO - 找到知识库 '岱山-数据库问题-5张表',ID: 218bcfbef02311f085842ac08b8dde63
2026-01-27 10:50:52 - func_ragflow_client - INFO - RAGFlow 客户端初始化成功,已加载 2 个知识库
2026-01-27 10:50:52 - func_ragflow_client - INFO - 连接测试成功
2026-01-27 10:51:12 - func_ragflow_client - INFO - 找到知识库 '岱山-指令集',ID: 28b95942f02c11f09b622ac08b8dde63
2026-01-27 10:51:12 - func_ragflow_client - INFO - 找到知识库 '岱山-数据库问题-5张表',ID: 218bcfbef02311f085842ac08b8dde63
2026-01-27 10:51:12 - func_ragflow_client - INFO - RAGFlow 客户端初始化成功,已加载 2 个知识库
2026-01-27 10:51:12 - func_ragflow_client - INFO - 找到知识库 '岱山-指令集',ID: 28b95942f02c11f09b622ac08b8dde63
2026-01-27 10:51:12 - func_ragflow_client - INFO - 找到知识库 '岱山-数据库问题-5张表',ID: 218bcfbef02311f085842ac08b8dde63
2026-01-27 10:51:12 - func_ragflow_client - INFO - RAGFlow 客户端初始化成功,已加载 2 个知识库
2026-01-27 10:51:12 - func_ragflow_client - INFO - 连接测试成功
2026-01-27 10:51:47 - func_ragflow_client - INFO - 找到知识库 '岱山-指令集',ID: 28b95942f02c11f09b622ac08b8dde63
2026-01-27 10:51:47 - func_ragflow_client - INFO - 找到知识库 '岱山-数据库问题-5张表',ID: 218bcfbef02311f085842ac08b8dde63
2026-01-27 10:51:47 - func_ragflow_client - INFO - RAGFlow 客户端初始化成功,已加载 2 个知识库
2026-01-27 10:51:47 - func_ragflow_client - INFO - 找到知识库 '岱山-指令集',ID: 28b95942f02c11f09b622ac08b8dde63
2026-01-27 10:51:47 - func_ragflow_client - INFO - 找到知识库 '岱山-数据库问题-5张表',ID: 218bcfbef02311f085842ac08b8dde63
2026-01-27 10:51:47 - func_ragflow_client - INFO - RAGFlow 客户端初始化成功,已加载 2 个知识库
2026-01-27 10:51:47 - func_ragflow_client - INFO - 连接测试成功
2026-01-27 10:52:01 - func_ragflow_client - INFO - 找到知识库 '岱山-指令集',ID: 28b95942f02c11f09b622ac08b8dde63
2026-01-27 10:52:01 - func_ragflow_client - INFO - 找到知识库 '岱山-数据库问题-5张表',ID: 218bcfbef02311f085842ac08b8dde63
2026-01-27 10:52:01 - func_ragflow_client - INFO - RAGFlow 客户端初始化成功,已加载 2 个知识库
2026-01-27 10:52:01 - func_ragflow_client - INFO - 找到知识库 '岱山-指令集',ID: 28b95942f02c11f09b622ac08b8dde63
2026-01-27 10:52:01 - func_ragflow_client - INFO - 找到知识库 '岱山-数据库问题-5张表',ID: 218bcfbef02311f085842ac08b8dde63
2026-01-27 10:52:01 - func_ragflow_client - INFO - RAGFlow 客户端初始化成功,已加载 2 个知识库
2026-01-27 10:52:01 - func_ragflow_client - INFO - 连接测试成功
2026-01-27 10:52:05 - func_ragflow_client - INFO - 开始查询所有知识库,query='你好...'
2026-01-27 10:52:05 - func_ragflow_client - INFO - 查询知识库: 岱山-指令集
2026-01-27 10:52:05 - func_ragflow_client - INFO - 查询知识库: 岱山-数据库问题-5张表
2026-01-27 10:52:06 - func_ragflow_client - INFO - 知识库 '岱山-指令集' 查询成功,返回 0 条结果
2026-01-27 10:52:06 - func_ragflow_client - INFO - 知识库 '岱山-数据库问题-5张表' 查询成功,返回 0 条结果
2026-01-27 10:52:06 - func_ragflow_client - INFO - 查询完成,共获得 0 条结果
2026-01-27 10:52:06 - func_ragflow_client - INFO - 开始查询所有知识库,query='你好...'
2026-01-27 10:52:06 - func_ragflow_client - INFO - 查询知识库: 岱山-指令集
2026-01-27 10:52:06 - func_ragflow_client - INFO - 查询知识库: 岱山-数据库问题-5张表
2026-01-27 10:52:07 - func_ragflow_client - INFO - 知识库 '岱山-数据库问题-5张表' 查询成功,返回 0 条结果
2026-01-27 10:52:07 - func_ragflow_client - INFO - 知识库 '岱山-指令集' 查询成功,返回 0 条结果
2026-01-27 10:52:07 - func_ragflow_client - INFO - 查询完成,共获得 0 条结果
2026-01-27 10:53:33 - func_ragflow_client - INFO - 找到知识库 '岱山-指令集',ID: 28b95942f02c11f09b622ac08b8dde63
2026-01-27 10:53:33 - func_ragflow_client - INFO - 找到知识库 '岱山-数据库问题-5张表',ID: 218bcfbef02311f085842ac08b8dde63
2026-01-27 10:53:33 - func_ragflow_client - INFO - RAGFlow 客户端初始化成功,已加载 2 个知识库
2026-01-27 10:53:33 - func_ragflow_client - INFO - 找到知识库 '岱山-指令集',ID: 28b95942f02c11f09b622ac08b8dde63
2026-01-27 10:53:33 - func_ragflow_client - INFO - 找到知识库 '岱山-数据库问题-5张表',ID: 218bcfbef02311f085842ac08b8dde63
2026-01-27 10:53:33 - func_ragflow_client - INFO - RAGFlow 客户端初始化成功,已加载 2 个知识库
2026-01-27 10:53:33 - func_ragflow_client - INFO - 连接测试成功
2026-01-27 10:55:17 - func_ragflow_client - INFO - 找到知识库 '岱山-指令集',ID: 28b95942f02c11f09b622ac08b8dde63
2026-01-27 10:55:17 - func_ragflow_client - INFO - 找到知识库 '岱山-数据库问题-5张表',ID: 218bcfbef02311f085842ac08b8dde63
2026-01-27 10:55:17 - func_ragflow_client - INFO - RAGFlow 客户端初始化成功,已加载 2 个知识库
2026-01-27 10:55:18 - func_ragflow_client - INFO - 找到知识库 '岱山-指令集',ID: 28b95942f02c11f09b622ac08b8dde63
2026-01-27 10:55:18 - func_ragflow_client - INFO - 找到知识库 '岱山-数据库问题-5张表',ID: 218bcfbef02311f085842ac08b8dde63
2026-01-27 10:55:18 - func_ragflow_client - INFO - RAGFlow 客户端初始化成功,已加载 2 个知识库
2026-01-27 10:55:18 - func_ragflow_client - INFO - 连接测试成功
2026-01-27 10:55:29 - func_ragflow_client - INFO - 找到知识库 '岱山-指令集',ID: 28b95942f02c11f09b622ac08b8dde63
2026-01-27 10:55:29 - func_ragflow_client - INFO - 找到知识库 '岱山-数据库问题-5张表',ID: 218bcfbef02311f085842ac08b8dde63
2026-01-27 10:55:29 - func_ragflow_client - INFO - RAGFlow 客户端初始化成功,已加载 2 个知识库
2026-01-27 10:55:29 - func_ragflow_client - INFO - 找到知识库 '岱山-指令集',ID: 28b95942f02c11f09b622ac08b8dde63
2026-01-27 10:55:29 - func_ragflow_client - INFO - 找到知识库 '岱山-数据库问题-5张表',ID: 218bcfbef02311f085842ac08b8dde63
2026-01-27 10:55:29 - func_ragflow_client - INFO - RAGFlow 客户端初始化成功,已加载 2 个知识库
2026-01-27 10:55:29 - func_ragflow_client - INFO - 连接测试成功
2026-01-27 10:55:37 - func_ragflow_client - INFO - 找到知识库 '岱山-指令集',ID: 28b95942f02c11f09b622ac08b8dde63
2026-01-27 10:55:37 - func_ragflow_client - INFO - 找到知识库 '岱山-数据库问题-5张表',ID: 218bcfbef02311f085842ac08b8dde63
2026-01-27 10:55:37 - func_ragflow_client - INFO - RAGFlow 客户端初始化成功,已加载 2 个知识库
2026-01-27 10:55:37 - func_ragflow_client - INFO - 找到知识库 '岱山-指令集',ID: 28b95942f02c11f09b622ac08b8dde63
2026-01-27 10:55:37 - func_ragflow_client - INFO - 找到知识库 '岱山-数据库问题-5张表',ID: 218bcfbef02311f085842ac08b8dde63
2026-01-27 10:55:37 - func_ragflow_client - INFO - RAGFlow 客户端初始化成功,已加载 2 个知识库
2026-01-27 10:55:37 - func_ragflow_client - INFO - 连接测试成功
2026-01-27 10:55:42 - func_ragflow_client - INFO - 开始查询所有知识库,query='测试...'
2026-01-27 10:55:42 - func_ragflow_client - INFO - 查询知识库: 岱山-指令集
2026-01-27 10:55:42 - func_ragflow_client - INFO - 查询知识库: 岱山-数据库问题-5张表
2026-01-27 10:55:43 - func_ragflow_client - INFO - 知识库 '岱山-指令集' 查询成功,返回 0 条结果
2026-01-27 10:55:43 - func_ragflow_client - INFO - 知识库 '岱山-数据库问题-5张表' 查询成功,返回 0 条结果
2026-01-27 10:55:43 - func_ragflow_client - INFO - 查询完成,共获得 0 条结果
2026-01-27 11:00:18 - func_ragflow_client - INFO - 找到知识库 '岱山-指令集',ID: 28b95942f02c11f09b622ac08b8dde63
2026-01-27 11:00:18 - func_ragflow_client - INFO - 找到知识库 '岱山-数据库问题-5张表',ID: 218bcfbef02311f085842ac08b8dde63
2026-01-27 11:00:18 - func_ragflow_client - INFO - RAGFlow 客户端初始化成功,已加载 2 个知识库
2026-01-27 11:00:18 - func_ragflow_client - INFO - 找到知识库 '岱山-指令集',ID: 28b95942f02c11f09b622ac08b8dde63
2026-01-27 11:00:18 - func_ragflow_client - INFO - 找到知识库 '岱山-数据库问题-5张表',ID: 218bcfbef02311f085842ac08b8dde63
2026-01-27 11:00:18 - func_ragflow_client - INFO - RAGFlow 客户端初始化成功,已加载 2 个知识库
2026-01-27 11:00:18 - func_ragflow_client - INFO - 连接测试成功
2026-01-27 11:00:23 - func_ragflow_client - INFO - 开始查询所有知识库,query='你好...'
2026-01-27 11:00:23 - func_ragflow_client - INFO - 查询知识库: 岱山-指令集
2026-01-27 11:00:23 - func_ragflow_client - INFO - 查询知识库: 岱山-数据库问题-5张表
2026-01-27 11:00:23 - func_ragflow_client - INFO - 知识库 '岱山-指令集' 查询成功,返回 0 条结果
2026-01-27 11:00:23 - func_ragflow_client - INFO - 知识库 '岱山-数据库问题-5张表' 查询成功,返回 0 条结果
2026-01-27 11:00:23 - func_ragflow_client - INFO - 查询完成,共获得 0 条结果
2026-01-27 11:00:43 - func_ragflow_client - INFO - 开始查询所有知识库,query='打开安全态势驾驶舱...'
2026-01-27 11:00:43 - func_ragflow_client - INFO - 查询知识库: 岱山-指令集
2026-01-27 11:00:43 - func_ragflow_client - INFO - 查询知识库: 岱山-数据库问题-5张表
2026-01-27 11:00:43 - func_ragflow_client - INFO - 知识库 '岱山-指令集' 查询成功,返回 10 条结果
2026-01-27 11:00:43 - func_ragflow_client - INFO - 知识库 '岱山-数据库问题-5张表' 查询成功,返回 8 条结果
2026-01-27 11:00:43 - func_ragflow_client - INFO - 查询完成,共获得 18 条结果
2026-01-27 11:03:36 - func_ragflow_client - INFO - 找到知识库 '岱山-指令集',ID: 28b95942f02c11f09b622ac08b8dde63
2026-01-27 11:03:36 - func_ragflow_client - INFO - 找到知识库 '岱山-数据库问题-5张表',ID: 218bcfbef02311f085842ac08b8dde63
2026-01-27 11:03:36 - func_ragflow_client - INFO - RAGFlow 客户端初始化成功,已加载 2 个知识库
2026-01-27 11:03:36 - func_ragflow_client - INFO - 找到知识库 '岱山-指令集',ID: 28b95942f02c11f09b622ac08b8dde63
2026-01-27 11:03:36 - func_ragflow_client - INFO - 找到知识库 '岱山-数据库问题-5张表',ID: 218bcfbef02311f085842ac08b8dde63
2026-01-27 11:03:36 - func_ragflow_client - INFO - RAGFlow 客户端初始化成功,已加载 2 个知识库
2026-01-27 11:03:36 - func_ragflow_client - INFO - 连接测试成功
2026-01-27 11:03:38 - func_ragflow_client - INFO - 开始查询所有知识库,query='打开安全态势驾驶舱...'
2026-01-27 11:03:38 - func_ragflow_client - INFO - 查询知识库: 岱山-指令集
2026-01-27 11:03:38 - func_ragflow_client - INFO - 查询知识库: 岱山-数据库问题-5张表
2026-01-27 11:03:39 - func_ragflow_client - INFO - 知识库 '岱山-指令集' 查询成功,返回 10 条结果
2026-01-27 11:03:39 - func_ragflow_client - INFO - 知识库 '岱山-数据库问题-5张表' 查询成功,返回 8 条结果
2026-01-27 11:03:39 - func_ragflow_client - INFO - 查询完成,共获得 18 条结果
2026-01-27 11:05:32 - func_ragflow_client - INFO - 找到知识库 '岱山-指令集',ID: 28b95942f02c11f09b622ac08b8dde63
2026-01-27 11:05:32 - func_ragflow_client - INFO - 找到知识库 '岱山-数据库问题-5张表',ID: 218bcfbef02311f085842ac08b8dde63
2026-01-27 11:05:32 - func_ragflow_client - INFO - RAGFlow 客户端初始化成功,已加载 2 个知识库
2026-01-27 11:05:32 - func_ragflow_client - INFO - 找到知识库 '岱山-指令集',ID: 28b95942f02c11f09b622ac08b8dde63
2026-01-27 11:05:32 - func_ragflow_client - INFO - 找到知识库 '岱山-数据库问题-5张表',ID: 218bcfbef02311f085842ac08b8dde63
2026-01-27 11:05:32 - func_ragflow_client - INFO - RAGFlow 客户端初始化成功,已加载 2 个知识库
2026-01-27 11:05:32 - func_ragflow_client - INFO - 连接测试成功
2026-01-27 11:05:35 - func_ragflow_client - INFO - 开始查询所有知识库,query='打开安全态势驾驶舱...'
2026-01-27 11:05:35 - func_ragflow_client - INFO - 查询知识库: 岱山-指令集
2026-01-27 11:05:35 - func_ragflow_client - INFO - 查询知识库: 岱山-数据库问题-5张表
2026-01-27 11:05:35 - func_ragflow_client - INFO - 知识库 '岱山-指令集' 查询成功,返回 10 条结果
2026-01-27 11:05:35 - func_ragflow_client - INFO - 知识库 '岱山-数据库问题-5张表' 查询成功,返回 8 条结果
2026-01-27 11:05:35 - func_ragflow_client - INFO - 查询完成,共获得 18 条结果
2026-01-27 11:06:05 - func_ragflow_client - INFO - 开始查询所有知识库,query='园区安全状况...'
2026-01-27 11:06:05 - func_ragflow_client - INFO - 查询知识库: 岱山-指令集
2026-01-27 11:06:05 - func_ragflow_client - INFO - 查询知识库: 岱山-数据库问题-5张表
2026-01-27 11:06:05 - func_ragflow_client - INFO - 知识库 '岱山-数据库问题-5张表' 查询成功,返回 10 条结果
2026-01-27 11:06:05 - func_ragflow_client - INFO - 知识库 '岱山-指令集' 查询成功,返回 8 条结果
2026-01-27 11:06:05 - func_ragflow_client - INFO - 查询完成,共获得 18 条结果
2026-01-27 11:07:28 - func_ragflow_client - INFO - 找到知识库 '岱山-指令集',ID: 28b95942f02c11f09b622ac08b8dde63
2026-01-27 11:07:28 - func_ragflow_client - INFO - 找到知识库 '岱山-数据库问题-5张表',ID: 218bcfbef02311f085842ac08b8dde63
2026-01-27 11:07:28 - func_ragflow_client - INFO - RAGFlow 客户端初始化成功,已加载 2 个知识库
2026-01-27 11:07:28 - func_ragflow_client - INFO - 找到知识库 '岱山-指令集',ID: 28b95942f02c11f09b622ac08b8dde63
2026-01-27 11:07:28 - func_ragflow_client - INFO - 找到知识库 '岱山-数据库问题-5张表',ID: 218bcfbef02311f085842ac08b8dde63
2026-01-27 11:07:28 - func_ragflow_client - INFO - RAGFlow 客户端初始化成功,已加载 2 个知识库
2026-01-27 11:07:28 - func_ragflow_client - INFO - 连接测试成功
2026-01-27 11:07:30 - func_ragflow_client - INFO - 开始查询所有知识库,query='园区安全状况...'
2026-01-27 11:07:30 - func_ragflow_client - INFO - 查询知识库: 岱山-指令集
2026-01-27 11:07:30 - func_ragflow_client - INFO - 查询知识库: 岱山-数据库问题-5张表
2026-01-27 11:07:31 - func_ragflow_client - INFO - 知识库 '岱山-数据库问题-5张表' 查询成功,返回 10 条结果
2026-01-27 11:07:31 - func_ragflow_client - INFO - 知识库 '岱山-指令集' 查询成功,返回 8 条结果
2026-01-27 11:07:31 - func_ragflow_client - INFO - 查询完成,共获得 18 条结果
2026-01-27 11:15:28 - func_ragflow_client - INFO - 找到知识库 '岱山-指令集',ID: 28b95942f02c11f09b622ac08b8dde63
2026-01-27 11:15:28 - func_ragflow_client - INFO - 找到知识库 '岱山-数据库问题-5张表',ID: 218bcfbef02311f085842ac08b8dde63
2026-01-27 11:15:28 - func_ragflow_client - INFO - RAGFlow 客户端初始化成功,已加载 2 个知识库
2026-01-27 11:15:28 - func_ragflow_client - INFO - 找到知识库 '岱山-指令集',ID: 28b95942f02c11f09b622ac08b8dde63
2026-01-27 11:15:28 - func_ragflow_client - INFO - 找到知识库 '岱山-数据库问题-5张表',ID: 218bcfbef02311f085842ac08b8dde63
2026-01-27 11:15:28 - func_ragflow_client - INFO - RAGFlow 客户端初始化成功,已加载 2 个知识库
2026-01-27 11:15:28 - func_ragflow_client - INFO - 连接测试成功
2026-01-27 11:15:30 - func_ragflow_client - INFO - 开始查询所有知识库,query='园区安全状况...'
2026-01-27 11:15:30 - func_ragflow_client - INFO - 查询知识库: 岱山-指令集
2026-01-27 11:15:30 - func_ragflow_client - INFO - 查询知识库: 岱山-数据库问题-5张表
2026-01-27 11:15:31 - func_ragflow_client - INFO - 知识库 '岱山-指令集' 查询成功,返回 8 条结果
2026-01-27 11:15:31 - func_ragflow_client - INFO - 知识库 '岱山-数据库问题-5张表' 查询成功,返回 10 条结果
2026-01-27 11:15:31 - func_ragflow_client - INFO - 查询完成,共获得 18 条结果
2026-01-27 11:15:51 - func_ragflow_client - INFO - 开始查询所有知识库,query='你好...'
2026-01-27 11:15:51 - func_ragflow_client - INFO - 查询知识库: 岱山-指令集
2026-01-27 11:15:51 - func_ragflow_client - INFO - 查询知识库: 岱山-数据库问题-5张表
2026-01-27 11:15:51 - func_ragflow_client - INFO - 知识库 '岱山-指令集' 查询成功,返回 0 条结果
2026-01-27 11:15:51 - func_ragflow_client - INFO - 知识库 '岱山-数据库问题-5张表' 查询成功,返回 0 条结果
2026-01-27 11:15:51 - func_ragflow_client - INFO - 查询完成,共获得 0 条结果
2026-01-27 11:16:23 - func_ragflow_client - INFO - 开始查询所有知识库,query='园区介绍...'
2026-01-27 11:16:23 - func_ragflow_client - INFO - 查询知识库: 岱山-指令集
2026-01-27 11:16:23 - func_ragflow_client - INFO - 查询知识库: 岱山-数据库问题-5张表
2026-01-27 11:16:26 - func_ragflow_client - INFO - 知识库 '岱山-指令集' 查询成功,返回 5 条结果
2026-01-27 11:16:26 - func_ragflow_client - INFO - 知识库 '岱山-数据库问题-5张表' 查询成功,返回 10 条结果
2026-01-27 11:16:26 - func_ragflow_client - INFO - 查询完成,共获得 15 条结果
2026-01-27 11:23:48 - func_ragflow_client - INFO - 找到知识库 '岱山-指令集',ID: 28b95942f02c11f09b622ac08b8dde63
2026-01-27 11:23:48 - func_ragflow_client - INFO - 找到知识库 '岱山-数据库问题-5张表',ID: 218bcfbef02311f085842ac08b8dde63
2026-01-27 11:23:48 - func_ragflow_client - INFO - RAGFlow 客户端初始化成功,已加载 2 个知识库
2026-01-27 11:23:48 - func_ragflow_client - INFO - 找到知识库 '岱山-指令集',ID: 28b95942f02c11f09b622ac08b8dde63
2026-01-27 11:23:48 - func_ragflow_client - INFO - 找到知识库 '岱山-数据库问题-5张表',ID: 218bcfbef02311f085842ac08b8dde63
2026-01-27 11:23:48 - func_ragflow_client - INFO - RAGFlow 客户端初始化成功,已加载 2 个知识库
2026-01-27 11:23:48 - func_ragflow_client - INFO - 连接测试成功
2026-01-27 11:24:05 - func_ragflow_client - INFO - 开始查询所有知识库,query='园区介绍...'
2026-01-27 11:24:05 - func_ragflow_client - INFO - 查询知识库: 岱山-指令集
2026-01-27 11:24:05 - func_ragflow_client - INFO - 查询知识库: 岱山-数据库问题-5张表
2026-01-27 11:24:06 - func_ragflow_client - INFO - 知识库 '岱山-指令集' 查询成功,返回 5 条结果
2026-01-27 11:24:06 - func_ragflow_client - INFO - 知识库 '岱山-数据库问题-5张表' 查询成功,返回 10 条结果
2026-01-27 11:24:06 - func_ragflow_client - INFO - 查询完成,共获得 15 条结果
2026-01-27 11:27:31 - func_ragflow_client - INFO - 找到知识库 '岱山-指令集',ID: 28b95942f02c11f09b622ac08b8dde63
2026-01-27 11:27:31 - func_ragflow_client - INFO - 找到知识库 '岱山-数据库问题-5张表',ID: 218bcfbef02311f085842ac08b8dde63
2026-01-27 11:27:31 - func_ragflow_client - INFO - RAGFlow 客户端初始化成功,已加载 2 个知识库
2026-01-27 11:27:31 - func_ragflow_client - INFO - 找到知识库 '岱山-指令集',ID: 28b95942f02c11f09b622ac08b8dde63
2026-01-27 11:27:31 - func_ragflow_client - INFO - 找到知识库 '岱山-数据库问题-5张表',ID: 218bcfbef02311f085842ac08b8dde63
2026-01-27 11:27:31 - func_ragflow_client - INFO - RAGFlow 客户端初始化成功,已加载 2 个知识库
2026-01-27 11:27:31 - func_ragflow_client - INFO - 连接测试成功
2026-01-27 11:27:34 - func_ragflow_client - INFO - 开始查询所有知识库,query='园区介绍...'
2026-01-27 11:27:34 - func_ragflow_client - INFO - 查询知识库: 岱山-指令集
2026-01-27 11:27:34 - func_ragflow_client - INFO - 查询知识库: 岱山-数据库问题-5张表
2026-01-27 11:27:36 - func_ragflow_client - INFO - 知识库 '岱山-指令集' 查询成功,返回 5 条结果
2026-01-27 11:27:36 - func_ragflow_client - INFO - 知识库 '岱山-数据库问题-5张表' 查询成功,返回 10 条结果
2026-01-27 11:27:36 - func_ragflow_client - INFO - 查询完成,共获得 15 条结果
2026-01-27 11:44:51 - func_ragflow_client - INFO - 找到知识库 '岱山-数据库问题',ID: 979cfe68fb2b11f0b3a62ac08b8dde63
2026-01-27 11:44:51 - func_ragflow_client - INFO - 找到知识库 '岱山-指令集',ID: 28b95942f02c11f09b622ac08b8dde63
2026-01-27 11:44:51 - func_ragflow_client - INFO - RAGFlow 客户端初始化成功,已加载 2 个知识库
2026-01-27 11:44:51 - func_ragflow_client - INFO - 找到知识库 '岱山-数据库问题',ID: 979cfe68fb2b11f0b3a62ac08b8dde63
2026-01-27 11:44:51 - func_ragflow_client - INFO - 找到知识库 '岱山-指令集',ID: 28b95942f02c11f09b622ac08b8dde63
2026-01-27 11:44:51 - func_ragflow_client - INFO - RAGFlow 客户端初始化成功,已加载 2 个知识库
2026-01-27 11:44:51 - func_ragflow_client - INFO - 连接测试成功
2026-01-27 11:45:02 - func_ragflow_client - INFO - 开始查询所有知识库,query='介绍园区安全信息...'
2026-01-27 11:45:02 - func_ragflow_client - INFO - 查询知识库: 岱山-指令集
2026-01-27 11:45:02 - func_ragflow_client - INFO - 查询知识库: 岱山-数据库问题
2026-01-27 11:45:03 - func_ragflow_client - INFO - 知识库 '岱山-指令集' 查询成功,返回 9 条结果
2026-01-27 11:45:03 - func_ragflow_client - INFO - 知识库 '岱山-数据库问题' 查询成功,返回 0 条结果
2026-01-27 11:45:03 - func_ragflow_client - INFO - 查询完成,共获得 9 条结果
2026-01-27 11:48:18 - func_ragflow_client - INFO - 找到知识库 '岱山-数据库问题',ID: 979cfe68fb2b11f0b3a62ac08b8dde63
2026-01-27 11:48:18 - func_ragflow_client - INFO - 找到知识库 '岱山-指令集',ID: 28b95942f02c11f09b622ac08b8dde63
2026-01-27 11:48:18 - func_ragflow_client - INFO - RAGFlow 客户端初始化成功,已加载 2 个知识库
2026-01-27 11:48:18 - func_ragflow_client - INFO - 找到知识库 '岱山-数据库问题',ID: 979cfe68fb2b11f0b3a62ac08b8dde63
2026-01-27 11:48:18 - func_ragflow_client - INFO - 找到知识库 '岱山-指令集',ID: 28b95942f02c11f09b622ac08b8dde63
2026-01-27 11:48:18 - func_ragflow_client - INFO - RAGFlow 客户端初始化成功,已加载 2 个知识库
2026-01-27 11:48:18 - func_ragflow_client - INFO - 连接测试成功
2026-01-27 11:48:22 - func_ragflow_client - INFO - 开始查询所有知识库,query='介绍园区安全信息...'
2026-01-27 11:48:22 - func_ragflow_client - INFO - 查询知识库: 岱山-指令集
2026-01-27 11:48:22 - func_ragflow_client - INFO - 查询知识库: 岱山-数据库问题
2026-01-27 11:48:23 - func_ragflow_client - INFO - 知识库 '岱山-数据库问题' 查询成功,返回 0 条结果
2026-01-27 11:48:23 - func_ragflow_client - INFO - 知识库 '岱山-指令集' 查询成功,返回 9 条结果
2026-01-27 11:48:23 - func_ragflow_client - INFO - 查询完成,共获得 9 条结果
2026-01-27 11:51:29 - func_ragflow_client - INFO - 找到知识库 '岱山-数据库问题',ID: 979cfe68fb2b11f0b3a62ac08b8dde63
2026-01-27 11:51:29 - func_ragflow_client - INFO - 找到知识库 '岱山-指令集',ID: 28b95942f02c11f09b622ac08b8dde63
2026-01-27 11:51:29 - func_ragflow_client - INFO - RAGFlow 客户端初始化成功,已加载 2 个知识库
2026-01-27 11:51:30 - func_ragflow_client - INFO - 找到知识库 '岱山-数据库问题',ID: 979cfe68fb2b11f0b3a62ac08b8dde63
2026-01-27 11:51:30 - func_ragflow_client - INFO - 找到知识库 '岱山-指令集',ID: 28b95942f02c11f09b622ac08b8dde63
2026-01-27 11:51:30 - func_ragflow_client - INFO - RAGFlow 客户端初始化成功,已加载 2 个知识库
2026-01-27 11:51:30 - func_ragflow_client - INFO - 连接测试成功
2026-01-27 11:51:36 - func_ragflow_client - INFO - 开始查询所有知识库,query='介绍园区安全信息...'
2026-01-27 11:51:36 - func_ragflow_client - INFO - 查询知识库: 岱山-指令集
2026-01-27 11:51:36 - func_ragflow_client - INFO - 查询知识库: 岱山-数据库问题
2026-01-27 11:51:38 - func_ragflow_client - INFO - 知识库 '岱山-数据库问题' 查询成功,返回 0 条结果
2026-01-27 11:51:38 - func_ragflow_client - INFO - 知识库 '岱山-指令集' 查询成功,返回 9 条结果
2026-01-27 11:51:38 - func_ragflow_client - INFO - 查询完成,共获得 9 条结果
2026-01-27 11:52:40 - func_ragflow_client - INFO - 开始查询所有知识库,query='园区介绍...'
2026-01-27 11:52:40 - func_ragflow_client - INFO - 查询知识库: 岱山-指令集
2026-01-27 11:52:40 - func_ragflow_client - INFO - 查询知识库: 岱山-数据库问题
2026-01-27 11:52:41 - func_ragflow_client - INFO - 知识库 '岱山-数据库问题' 查询成功,返回 0 条结果
2026-01-27 11:52:41 - func_ragflow_client - INFO - 知识库 '岱山-指令集' 查询成功,返回 5 条结果
2026-01-27 11:52:41 - func_ragflow_client - INFO - 查询完成,共获得 5 条结果
2026-01-27 11:52:56 - func_ragflow_client - INFO - 开始查询所有知识库,query='企业介绍...'
2026-01-27 11:52:56 - func_ragflow_client - INFO - 查询知识库: 岱山-指令集
2026-01-27 11:52:56 - func_ragflow_client - INFO - 查询知识库: 岱山-数据库问题
2026-01-27 11:52:56 - func_ragflow_client - INFO - 知识库 '岱山-数据库问题' 查询成功,返回 0 条结果
2026-01-27 11:52:56 - func_ragflow_client - INFO - 知识库 '岱山-指令集' 查询成功,返回 9 条结果
2026-01-27 11:52:56 - func_ragflow_client - INFO - 查询完成,共获得 9 条结果
2026-01-27 12:09:30 - func_ragflow_client - INFO - 找到知识库 '岱山-数据库问题',ID: 144f46a4f1c311f0ac650242ac140002
2026-01-27 12:09:30 - func_ragflow_client - INFO - 找到知识库 '岱山-指令集',ID: fa338636f1c211f09ed00242ac140002
2026-01-27 12:09:30 - func_ragflow_client - INFO - RAGFlow 客户端初始化成功,已加载 2 个知识库
2026-01-27 12:09:30 - func_ragflow_client - INFO - 找到知识库 '岱山-数据库问题',ID: 144f46a4f1c311f0ac650242ac140002
2026-01-27 12:09:30 - func_ragflow_client - INFO - 找到知识库 '岱山-指令集',ID: fa338636f1c211f09ed00242ac140002
2026-01-27 12:09:30 - func_ragflow_client - INFO - RAGFlow 客户端初始化成功,已加载 2 个知识库
2026-01-27 12:09:30 - func_ragflow_client - INFO - 连接测试成功
2026-01-27 12:09:46 - func_ragflow_client - INFO - 开始查询所有知识库,query='园区介绍...'
2026-01-27 12:09:46 - func_ragflow_client - INFO - 查询知识库: 岱山-指令集
2026-01-27 12:09:46 - func_ragflow_client - INFO - 查询知识库: 岱山-数据库问题
2026-01-27 12:09:50 - func_ragflow_client - INFO - 知识库 '岱山-指令集' 查询成功,返回 10 条结果
2026-01-27 12:09:50 - func_ragflow_client - INFO - 知识库 '岱山-数据库问题' 查询成功,返回 0 条结果
2026-01-27 12:09:50 - func_ragflow_client - INFO - 查询完成,共获得 10 条结果
2026-01-27 12:10:14 - func_ragflow_client - INFO - 开始查询所有知识库,query='园区介绍...'
2026-01-27 12:10:14 - func_ragflow_client - INFO - 查询知识库: 岱山-指令集
2026-01-27 12:10:14 - func_ragflow_client - INFO - 查询知识库: 岱山-数据库问题
2026-01-27 12:10:15 - func_ragflow_client - INFO - 知识库 '岱山-数据库问题' 查询成功,返回 0 条结果
2026-01-27 12:10:15 - func_ragflow_client - INFO - 知识库 '岱山-指令集' 查询成功,返回 10 条结果
2026-01-27 12:10:15 - func_ragflow_client - INFO - 查询完成,共获得 10 条结果
2026-01-27 12:11:52 - func_ragflow_client - INFO - 开始查询所有知识库,query='园区介绍...'
2026-01-27 12:11:52 - func_ragflow_client - INFO - 查询知识库: 岱山-指令集
2026-01-27 12:11:52 - func_ragflow_client - INFO - 查询知识库: 岱山-数据库问题
2026-01-27 12:11:52 - func_ragflow_client - INFO - 知识库 '岱山-数据库问题' 查询成功,返回 0 条结果
2026-01-27 12:11:53 - func_ragflow_client - INFO - 知识库 '岱山-指令集' 查询成功,返回 10 条结果
2026-01-27 12:11:53 - func_ragflow_client - INFO - 查询完成,共获得 10 条结果
2026-01-27 12:14:56 - func_ragflow_client - INFO - 找到知识库 '岱山-数据库问题',ID: 144f46a4f1c311f0ac650242ac140002
2026-01-27 12:14:56 - func_ragflow_client - INFO - 找到知识库 '岱山-指令集',ID: fa338636f1c211f09ed00242ac140002
2026-01-27 12:14:56 - func_ragflow_client - INFO - RAGFlow 客户端初始化成功,已加载 2 个知识库
2026-01-27 12:14:56 - func_ragflow_client - INFO - 找到知识库 '岱山-数据库问题',ID: 144f46a4f1c311f0ac650242ac140002
2026-01-27 12:14:56 - func_ragflow_client - INFO - 找到知识库 '岱山-指令集',ID: fa338636f1c211f09ed00242ac140002
2026-01-27 12:14:56 - func_ragflow_client - INFO - RAGFlow 客户端初始化成功,已加载 2 个知识库
2026-01-27 12:14:56 - func_ragflow_client - INFO - 连接测试成功
2026-01-27 12:15:28 - func_ragflow_client - INFO - 开始查询所有知识库,query='园区介绍...'
2026-01-27 12:15:28 - func_ragflow_client - INFO - 查询知识库: 岱山-指令集
2026-01-27 12:15:28 - func_ragflow_client - INFO - 查询知识库: 岱山-数据库问题
2026-01-27 12:15:28 - func_ragflow_client - INFO - 知识库 '岱山-指令集' 查询成功,返回 10 条结果
2026-01-27 12:15:28 - func_ragflow_client - INFO - 知识库 '岱山-数据库问题' 查询成功,返回 0 条结果
2026-01-27 12:15:28 - func_ragflow_client - INFO - 查询完成,共获得 10 条结果
2026-01-27 12:15:46 - func_ragflow_client - INFO - 开始查询所有知识库,query='园区企业介绍...'
2026-01-27 12:15:46 - func_ragflow_client - INFO - 查询知识库: 岱山-指令集
2026-01-27 12:15:46 - func_ragflow_client - INFO - 查询知识库: 岱山-数据库问题
2026-01-27 12:15:47 - func_ragflow_client - INFO - 知识库 '岱山-数据库问题' 查询成功,返回 0 条结果
2026-01-27 12:15:47 - func_ragflow_client - INFO - 知识库 '岱山-指令集' 查询成功,返回 10 条结果
2026-01-27 12:15:47 - func_ragflow_client - INFO - 查询完成,共获得 10 条结果
2026-01-27 12:18:46 - func_ragflow_client - INFO - 开始查询所有知识库,query='介绍润和催化材料（浙江）有限公司...'
2026-01-27 12:18:46 - func_ragflow_client - INFO - 查询知识库: 岱山-指令集
2026-01-27 12:18:46 - func_ragflow_client - INFO - 查询知识库: 岱山-数据库问题
2026-01-27 12:18:47 - func_ragflow_client - INFO - 知识库 '岱山-指令集' 查询成功,返回 10 条结果
2026-01-27 12:18:47 - func_ragflow_client - INFO - 知识库 '岱山-数据库问题' 查询成功,返回 0 条结果
2026-01-27 12:18:47 - func_ragflow_client - INFO - 查询完成,共获得 10 条结果
2026-01-27 12:19:45 - func_ragflow_client - INFO - 开始查询所有知识库,query='目前还有哪些AI报警处于待处理状态？...'
2026-01-27 12:19:45 - func_ragflow_client - INFO - 查询知识库: 岱山-指令集
2026-01-27 12:19:45 - func_ragflow_client - INFO - 查询知识库: 岱山-数据库问题
2026-01-27 12:19:46 - func_ragflow_client - INFO - 知识库 '岱山-数据库问题' 查询成功,返回 0 条结果
2026-01-27 12:19:46 - func_ragflow_client - INFO - 知识库 '岱山-指令集' 查询成功,返回 0 条结果
2026-01-27 12:19:46 - func_ragflow_client - INFO - 查询完成,共获得 0 条结果
2026-01-27 12:28:18 - func_ragflow_client - INFO - 找到知识库 '岱山-数据库问题',ID: 144f46a4f1c311f0ac650242ac140002
2026-01-27 12:28:18 - func_ragflow_client - INFO - 找到知识库 '岱山-指令集',ID: fa338636f1c211f09ed00242ac140002
2026-01-27 12:28:18 - func_ragflow_client - INFO - RAGFlow 客户端初始化成功,已加载 2 个知识库
2026-01-27 12:28:18 - func_ragflow_client - INFO - 找到知识库 '岱山-数据库问题',ID: 144f46a4f1c311f0ac650242ac140002
2026-01-27 12:28:18 - func_ragflow_client - INFO - 找到知识库 '岱山-指令集',ID: fa338636f1c211f09ed00242ac140002
2026-01-27 12:28:18 - func_ragflow_client - INFO - RAGFlow 客户端初始化成功,已加载 2 个知识库
2026-01-27 12:28:19 - func_ragflow_client - INFO - 连接测试成功
2026-01-27 12:28:21 - func_ragflow_client - INFO - 开始查询所有知识库,query='目前还有哪些AI报警处于待处理状态？...'
2026-01-27 12:28:21 - func_ragflow_client - INFO - 查询知识库: 岱山-指令集
2026-01-27 12:28:21 - func_ragflow_client - INFO - 查询知识库: 岱山-数据库问题
2026-01-27 12:28:22 - func_ragflow_client - INFO - 知识库 '岱山-指令集' 查询成功,返回 0 条结果
2026-01-27 12:28:22 - func_ragflow_client - INFO - 知识库 '岱山-数据库问题' 查询成功,返回 10 条结果
2026-01-27 12:28:22 - func_ragflow_client - INFO - 查询完成,共获得 10 条结果
2026-01-27 12:28:41 - func_ragflow_client - INFO - 开始查询所有知识库,query='介绍催化有限公司...'
2026-01-27 12:28:41 - func_ragflow_client - INFO - 查询知识库: 岱山-指令集
2026-01-27 12:28:41 - func_ragflow_client - INFO - 查询知识库: 岱山-数据库问题
2026-01-27 12:28:41 - func_ragflow_client - INFO - 知识库 '岱山-数据库问题' 查询成功,返回 10 条结果
2026-01-27 12:28:41 - func_ragflow_client - INFO - 知识库 '岱山-指令集' 查询成功,返回 10 条结果
2026-01-27 12:28:41 - func_ragflow_client - INFO - 查询完成,共获得 20 条结果
2026-01-27 12:29:11 - func_ragflow_client - INFO - 开始查询所有知识库,query='介绍一下XX有限公司...'
2026-01-27 12:29:11 - func_ragflow_client - INFO - 查询知识库: 岱山-指令集
2026-01-27 12:29:11 - func_ragflow_client - INFO - 查询知识库: 岱山-数据库问题
2026-01-27 12:29:12 - func_ragflow_client - INFO - 知识库 '岱山-数据库问题' 查询成功,返回 10 条结果
2026-01-27 12:29:12 - func_ragflow_client - INFO - 知识库 '岱山-指令集' 查询成功,返回 10 条结果
2026-01-27 12:29:12 - func_ragflow_client - INFO - 查询完成,共获得 20 条结果
2026-01-27 12:29:47 - func_ragflow_client - INFO - 开始查询所有知识库,query='介绍一下XX有限公司...'
2026-01-27 12:29:47 - func_ragflow_client - INFO - 查询知识库: 岱山-指令集
2026-01-27 12:29:47 - func_ragflow_client - INFO - 查询知识库: 岱山-数据库问题
2026-01-27 12:29:48 - func_ragflow_client - INFO - 知识库 '岱山-指令集' 查询成功,返回 10 条结果
2026-01-27 12:29:48 - func_ragflow_client - INFO - 知识库 '岱山-数据库问题' 查询成功,返回 10 条结果
2026-01-27 12:29:48 - func_ragflow_client - INFO - 查询完成,共获得 20 条结果
2026-01-27 12:32:50 - func_ragflow_client - INFO - 开始查询所有知识库,query='介绍安全态势...'
2026-01-27 12:32:50 - func_ragflow_client - INFO - 查询知识库: 岱山-指令集
2026-01-27 12:32:50 - func_ragflow_client - INFO - 查询知识库: 岱山-数据库问题
2026-01-27 12:32:50 - func_ragflow_client - INFO - 知识库 '岱山-指令集' 查询成功,返回 10 条结果
2026-01-27 12:32:51 - func_ragflow_client - INFO - 知识库 '岱山-数据库问题' 查询成功,返回 10 条结果
2026-01-27 12:32:51 - func_ragflow_client - INFO - 查询完成,共获得 20 条结果
2026-01-27 12:34:01 - func_ragflow_client - INFO - 找到知识库 '岱山-数据库问题',ID: 144f46a4f1c311f0ac650242ac140002
2026-01-27 12:34:01 - func_ragflow_client - INFO - 找到知识库 '岱山-指令集',ID: fa338636f1c211f09ed00242ac140002
2026-01-27 12:34:01 - func_ragflow_client - INFO - RAGFlow 客户端初始化成功,已加载 2 个知识库
2026-01-27 12:34:01 - func_ragflow_client - INFO - 找到知识库 '岱山-数据库问题',ID: 144f46a4f1c311f0ac650242ac140002
2026-01-27 12:34:01 - func_ragflow_client - INFO - 找到知识库 '岱山-指令集',ID: fa338636f1c211f09ed00242ac140002
2026-01-27 12:34:01 - func_ragflow_client - INFO - RAGFlow 客户端初始化成功,已加载 2 个知识库
2026-01-27 12:34:01 - func_ragflow_client - INFO - 连接测试成功
2026-01-27 12:34:04 - func_ragflow_client - INFO - 开始查询所有知识库,query='介绍安全态势...'
2026-01-27 12:34:04 - func_ragflow_client - INFO - 查询知识库: 岱山-指令集
2026-01-27 12:34:04 - func_ragflow_client - INFO - 查询知识库: 岱山-数据库问题
2026-01-27 12:34:05 - func_ragflow_client - INFO - 知识库 '岱山-数据库问题' 查询成功,返回 10 条结果
2026-01-27 12:34:05 - func_ragflow_client - INFO - 知识库 '岱山-指令集' 查询成功,返回 10 条结果
2026-01-27 12:34:05 - func_ragflow_client - INFO - 查询完成,共获得 20 条结果
2026-01-27 12:34:56 - func_ragflow_client - INFO - 开始查询所有知识库,query='介绍园区企业...'
2026-01-27 12:34:56 - func_ragflow_client - INFO - 查询知识库: 岱山-指令集
2026-01-27 12:34:56 - func_ragflow_client - INFO - 查询知识库: 岱山-数据库问题
2026-01-27 12:34:57 - func_ragflow_client - INFO - 知识库 '岱山-指令集' 查询成功,返回 10 条结果
2026-01-27 12:34:57 - func_ragflow_client - INFO - 知识库 '岱山-数据库问题' 查询成功,返回 10 条结果
2026-01-27 12:34:57 - func_ragflow_client - INFO - 查询完成,共获得 20 条结果
2026-01-27 13:52:23 - func_ragflow_client - INFO - 找到知识库 '岱山-数据库问题',ID: 144f46a4f1c311f0ac650242ac140002
2026-01-27 13:52:23 - func_ragflow_client - INFO - 找到知识库 '岱山-指令集',ID: fa338636f1c211f09ed00242ac140002
2026-01-27 13:52:23 - func_ragflow_client - INFO - RAGFlow 客户端初始化成功,已加载 2 个知识库
2026-01-27 13:52:49 - func_ragflow_client - INFO - 找到知识库 '岱山-数据库问题',ID: 144f46a4f1c311f0ac650242ac140002
2026-01-27 13:52:49 - func_ragflow_client - INFO - 找到知识库 '岱山-指令集',ID: fa338636f1c211f09ed00242ac140002
2026-01-27 13:52:49 - func_ragflow_client - INFO - RAGFlow 客户端初始化成功,已加载 2 个知识库
2026-01-27 13:52:49 - func_ragflow_client - INFO - 找到知识库 '岱山-数据库问题',ID: 144f46a4f1c311f0ac650242ac140002
2026-01-27 13:52:49 - func_ragflow_client - INFO - 找到知识库 '岱山-指令集',ID: fa338636f1c211f09ed00242ac140002
2026-01-27 13:52:49 - func_ragflow_client - INFO - RAGFlow 客户端初始化成功,已加载 2 个知识库
2026-01-27 13:52:49 - func_ragflow_client - INFO - 连接测试成功
2026-01-27 14:04:01 - func_ragflow_client - INFO - 找到知识库 '岱山-数据库问题',ID: 144f46a4f1c311f0ac650242ac140002
2026-01-27 14:04:01 - func_ragflow_client - INFO - 找到知识库 '岱山-指令集',ID: fa338636f1c211f09ed00242ac140002
2026-01-27 14:04:01 - func_ragflow_client - INFO - RAGFlow 客户端初始化成功,已加载 2 个知识库
2026-01-27 14:04:01 - func_ragflow_client - INFO - 找到知识库 '岱山-数据库问题',ID: 144f46a4f1c311f0ac650242ac140002
2026-01-27 14:04:01 - func_ragflow_client - INFO - 找到知识库 '岱山-指令集',ID: fa338636f1c211f09ed00242ac140002
2026-01-27 14:04:01 - func_ragflow_client - INFO - RAGFlow 客户端初始化成功,已加载 2 个知识库
2026-01-27 14:04:01 - func_ragflow_client - INFO - 连接测试成功
2026-01-27 14:12:25 - func_ragflow_client - INFO - 找到知识库 '岱山-数据库问题',ID: 144f46a4f1c311f0ac650242ac140002
2026-01-27 14:12:25 - func_ragflow_client - INFO - 找到知识库 '岱山-指令集',ID: fa338636f1c211f09ed00242ac140002
2026-01-27 14:12:25 - func_ragflow_client - INFO - RAGFlow 客户端初始化成功,已加载 2 个知识库
2026-01-27 14:12:25 - func_ragflow_client - INFO - 找到知识库 '岱山-数据库问题',ID: 144f46a4f1c311f0ac650242ac140002
2026-01-27 14:12:25 - func_ragflow_client - INFO - 找到知识库 '岱山-指令集',ID: fa338636f1c211f09ed00242ac140002
2026-01-27 14:12:25 - func_ragflow_client - INFO - RAGFlow 客户端初始化成功,已加载 2 个知识库
2026-01-27 14:12:25 - func_ragflow_client - INFO - 连接测试成功
2026-01-27 14:16:05 - func_ragflow_client - INFO - 找到知识库 '岱山-数据库问题',ID: 144f46a4f1c311f0ac650242ac140002
2026-01-27 14:16:05 - func_ragflow_client - INFO - 找到知识库 '岱山-指令集',ID: fa338636f1c211f09ed00242ac140002
2026-01-27 14:16:05 - func_ragflow_client - INFO - RAGFlow 客户端初始化成功,已加载 2 个知识库
2026-01-27 14:16:05 - func_ragflow_client - INFO - 找到知识库 '岱山-数据库问题',ID: 144f46a4f1c311f0ac650242ac140002
2026-01-27 14:16:05 - func_ragflow_client - INFO - 找到知识库 '岱山-指令集',ID: fa338636f1c211f09ed00242ac140002
2026-01-27 14:16:05 - func_ragflow_client - INFO - RAGFlow 客户端初始化成功,已加载 2 个知识库
2026-01-27 14:16:05 - func_ragflow_client - INFO - 连接测试成功
2026-01-27 14:16:17 - func_ragflow_client - INFO - 开始查询所有知识库,query='介绍园区...'
2026-01-27 14:16:17 - func_ragflow_client - INFO - 查询知识库: 岱山-指令集
2026-01-27 14:16:17 - func_ragflow_client - INFO - 查询知识库: 岱山-数据库问题
2026-01-27 14:16:17 - func_ragflow_client - INFO - 知识库 '岱山-指令集' 查询成功,返回 10 条结果
2026-01-27 14:16:18 - func_ragflow_client - INFO - 知识库 '岱山-数据库问题' 查询成功,返回 10 条结果
2026-01-27 14:16:18 - func_ragflow_client - INFO - 查询完成,共获得 20 条结果
2026-01-27 14:18:38 - func_ragflow_client - INFO - 开始查询所有知识库,query='介绍企业...'
2026-01-27 14:18:38 - func_ragflow_client - INFO - 查询知识库: 岱山-指令集
2026-01-27 14:18:38 - func_ragflow_client - INFO - 查询知识库: 岱山-数据库问题
2026-01-27 14:18:41 - func_ragflow_client - INFO - 知识库 '岱山-数据库问题' 查询成功,返回 10 条结果
2026-01-27 14:18:42 - func_ragflow_client - INFO - 知识库 '岱山-指令集' 查询成功,返回 10 条结果
2026-01-27 14:18:42 - func_ragflow_client - INFO - 查询完成,共获得 20 条结果
2026-01-27 14:19:17 - func_ragflow_client - INFO - 开始查询所有知识库,query='氟化氢的用法...'
2026-01-27 14:19:17 - func_ragflow_client - INFO - 查询知识库: 岱山-指令集
2026-01-27 14:19:17 - func_ragflow_client - INFO - 查询知识库: 岱山-数据库问题
2026-01-27 14:19:17 - func_ragflow_client - INFO - 知识库 '岱山-数据库问题' 查询成功,返回 2 条结果
2026-01-27 14:19:17 - func_ragflow_client - INFO - 知识库 '岱山-指令集' 查询成功,返回 0 条结果
2026-01-27 14:19:17 - func_ragflow_client - INFO - 查询完成,共获得 2 条结果
2026-01-27 14:35:41 - func_ragflow_client - INFO - 开始查询所有知识库,query='反应类型为固态的危化品工艺有哪些...'
2026-01-27 14:35:41 - func_ragflow_client - INFO - 查询知识库: 岱山-指令集
2026-01-27 14:35:41 - func_ragflow_client - INFO - 查询知识库: 岱山-数据库问题
2026-01-27 14:35:42 - func_ragflow_client - INFO - 知识库 '岱山-指令集' 查询成功,返回 0 条结果
2026-01-27 14:35:43 - func_ragflow_client - INFO - 知识库 '岱山-数据库问题' 查询成功,返回 10 条结果
2026-01-27 14:35:43 - func_ragflow_client - INFO - 查询完成,共获得 10 条结果
2026-01-27 14:45:41 - func_ragflow_client - INFO - 开始查询所有知识库,query='你好...'
2026-01-27 14:45:41 - func_ragflow_client - INFO - 查询知识库: 岱山-指令集
2026-01-27 14:45:41 - func_ragflow_client - INFO - 查询知识库: 岱山-数据库问题
2026-01-27 14:45:41 - func_ragflow_client - INFO - 知识库 '岱山-数据库问题' 查询成功,返回 0 条结果
2026-01-27 14:45:41 - func_ragflow_client - INFO - 知识库 '岱山-指令集' 查询成功,返回 0 条结果
2026-01-27 14:45:41 - func_ragflow_client - INFO - 查询完成,共获得 0 条结果
2026-01-27 14:46:11 - func_ragflow_client - INFO - 开始查询所有知识库,query='园区介绍...'
2026-01-27 14:46:11 - func_ragflow_client - INFO - 查询知识库: 岱山-指令集
2026-01-27 14:46:11 - func_ragflow_client - INFO - 查询知识库: 岱山-数据库问题
2026-01-27 14:46:12 - func_ragflow_client - INFO - 知识库 '岱山-指令集' 查询成功,返回 10 条结果
2026-01-27 14:46:12 - func_ragflow_client - INFO - 知识库 '岱山-数据库问题' 查询成功,返回 10 条结果
2026-01-27 14:46:12 - func_ragflow_client - INFO - 查询完成,共获得 20 条结果
2026-01-27 14:46:27 - func_ragflow_client - INFO - 开始查询所有知识库,query='反应类型为固态的危化品工艺有哪些...'
2026-01-27 14:46:27 - func_ragflow_client - INFO - 查询知识库: 岱山-指令集
2026-01-27 14:46:27 - func_ragflow_client - INFO - 查询知识库: 岱山-数据库问题
2026-01-27 14:46:27 - func_ragflow_client - INFO - 知识库 '岱山-数据库问题' 查询成功,返回 10 条结果
2026-01-27 14:46:27 - func_ragflow_client - INFO - 知识库 '岱山-指令集' 查询成功,返回 0 条结果
2026-01-27 14:46:27 - func_ragflow_client - INFO - 查询完成,共获得 10 条结果
2026-01-27 14:46:41 - func_ragflow_client - INFO - 开始查询所有知识库,query='典型工艺装置名称为甲烷硝化制取硝基甲烷工艺的反应类型是什么...'
2026-01-27 14:46:41 - func_ragflow_client - INFO - 查询知识库: 岱山-指令集
2026-01-27 14:46:41 - func_ragflow_client - INFO - 查询知识库: 岱山-数据库问题
2026-01-27 14:46:42 - func_ragflow_client - INFO - 知识库 '岱山-指令集' 查询成功,返回 0 条结果
2026-01-27 14:46:42 - func_ragflow_client - INFO - 知识库 '岱山-数据库问题' 查询成功,返回 10 条结果
2026-01-27 14:46:42 - func_ragflow_client - INFO - 查询完成,共获得 10 条结果
2026-01-27 14:47:01 - func_ragflow_client - INFO - 开始查询所有知识库,query='叫做正丁醛的危化品的化学品类是什么...'
2026-01-27 14:47:01 - func_ragflow_client - INFO - 查询知识库: 岱山-指令集
2026-01-27 14:47:01 - func_ragflow_client - INFO - 查询知识库: 岱山-数据库问题
2026-01-27 14:47:02 - func_ragflow_client - INFO - 知识库 '岱山-指令集' 查询成功,返回 0 条结果
2026-01-27 14:47:02 - func_ragflow_client - INFO - 知识库 '岱山-数据库问题' 查询成功,返回 10 条结果
2026-01-27 14:47:02 - func_ragflow_client - INFO - 查询完成,共获得 10 条结果
2026-01-27 14:47:14 - func_ragflow_client - INFO - 开始查询所有知识库,query='设备名称为污水处理中心且设备位置在岱山变电站的设备有多少...'
2026-01-27 14:47:14 - func_ragflow_client - INFO - 查询知识库: 岱山-指令集
2026-01-27 14:47:14 - func_ragflow_client - INFO - 查询知识库: 岱山-数据库问题
2026-01-27 14:47:15 - func_ragflow_client - INFO - 知识库 '岱山-数据库问题' 查询成功,返回 10 条结果
2026-01-27 14:47:15 - func_ragflow_client - INFO - 知识库 '岱山-指令集' 查询成功,返回 10 条结果
2026-01-27 14:47:15 - func_ragflow_client - INFO - 查询完成,共获得 20 条结果
2026-01-27 14:47:32 - func_ragflow_client - INFO - 开始查询所有知识库,query='设备名称为供电的设备有多少个...'
2026-01-27 14:47:32 - func_ragflow_client - INFO - 查询知识库: 岱山-指令集
2026-01-27 14:47:32 - func_ragflow_client - INFO - 查询知识库: 岱山-数据库问题
2026-01-27 14:47:33 - func_ragflow_client - INFO - 知识库 '岱山-数据库问题' 查询成功,返回 10 条结果
2026-01-27 14:47:33 - func_ragflow_client - INFO - 知识库 '岱山-指令集' 查询成功,返回 0 条结果
2026-01-27 14:47:33 - func_ragflow_client - INFO - 查询完成,共获得 10 条结果
2026-01-27 14:47:50 - func_ragflow_client - INFO - 开始查询所有知识库,query='CAS号为115-07-1的危化品叫什么...'
2026-01-27 14:47:50 - func_ragflow_client - INFO - 查询知识库: 岱山-指令集
2026-01-27 14:47:50 - func_ragflow_client - INFO - 查询知识库: 岱山-数据库问题
2026-01-27 14:47:51 - func_ragflow_client - INFO - 知识库 '岱山-数据库问题' 查询成功,返回 10 条结果
2026-01-27 14:47:51 - func_ragflow_client - INFO - 知识库 '岱山-指令集' 查询成功,返回 0 条结果
2026-01-27 14:47:51 - func_ragflow_client - INFO - 查询完成,共获得 10 条结果
2026-01-27 15:29:58 - func_ragflow_client - INFO - 开始查询所有知识库,query='舟山市智德工业气体有限公司有哪些危化品...'
2026-01-27 15:29:58 - func_ragflow_client - INFO - 查询知识库: 岱山-指令集
2026-01-27 15:29:58 - func_ragflow_client - INFO - 查询知识库: 岱山-数据库问题
2026-01-27 15:30:00 - func_ragflow_client - INFO - 知识库 '岱山-数据库问题' 查询成功,返回 10 条结果
2026-01-27 15:30:00 - func_ragflow_client - INFO - 知识库 '岱山-指令集' 查询成功,返回 1 条结果
2026-01-27 15:30:00 - func_ragflow_client - INFO - 查询完成,共获得 11 条结果
2026-01-27 15:32:09 - func_ragflow_client - INFO - 开始查询所有知识库,query='有氢气的是哪些公司？...'
2026-01-27 15:32:09 - func_ragflow_client - INFO - 查询知识库: 岱山-指令集
2026-01-27 15:32:09 - func_ragflow_client - INFO - 查询知识库: 岱山-数据库问题
2026-01-27 15:32:09 - func_ragflow_client - INFO - 知识库 '岱山-数据库问题' 查询成功,返回 10 条结果
2026-01-27 15:32:09 - func_ragflow_client - INFO - 知识库 '岱山-指令集' 查询成功,返回 10 条结果
2026-01-27 15:32:09 - func_ragflow_client - INFO - 查询完成,共获得 20 条结果
2026-01-27 15:33:52 - func_ragflow_client - INFO - 开始查询所有知识库,query='存储有氢气这种危化品的企业有哪些？...'
2026-01-27 15:33:52 - func_ragflow_client - INFO - 查询知识库: 岱山-指令集
2026-01-27 15:33:52 - func_ragflow_client - INFO - 查询知识库: 岱山-数据库问题
2026-01-27 15:33:53 - func_ragflow_client - INFO - 知识库 '岱山-数据库问题' 查询成功,返回 10 条结果
2026-01-27 15:33:53 - func_ragflow_client - INFO - 知识库 '岱山-指令集' 查询成功,返回 10 条结果
2026-01-27 15:33:53 - func_ragflow_client - INFO - 查询完成,共获得 20 条结果
2026-01-27 15:34:44 - func_ragflow_client - INFO - 开始查询所有知识库,query='存储有氢气的企业有哪些？...'
2026-01-27 15:34:44 - func_ragflow_client - INFO - 查询知识库: 岱山-指令集
2026-01-27 15:34:44 - func_ragflow_client - INFO - 查询知识库: 岱山-数据库问题
2026-01-27 15:34:45 - func_ragflow_client - INFO - 知识库 '岱山-数据库问题' 查询成功,返回 10 条结果
2026-01-27 15:34:45 - func_ragflow_client - INFO - 知识库 '岱山-指令集' 查询成功,返回 10 条结果
2026-01-27 15:34:45 - func_ragflow_client - INFO - 查询完成,共获得 20 条结果
2026-01-27 15:35:05 - func_ragflow_client - INFO - 开始查询所有知识库,query='有限空间作业有哪些要求？...'
2026-01-27 15:35:05 - func_ragflow_client - INFO - 查询知识库: 岱山-指令集
2026-01-27 15:35:05 - func_ragflow_client - INFO - 查询知识库: 岱山-数据库问题
2026-01-27 15:35:06 - func_ragflow_client - INFO - 知识库 '岱山-指令集' 查询成功,返回 1 条结果
2026-01-27 15:35:06 - func_ragflow_client - INFO - 知识库 '岱山-数据库问题' 查询成功,返回 10 条结果
2026-01-27 15:35:06 - func_ragflow_client - INFO - 查询完成,共获得 11 条结果
2026-01-27 15:35:50 - func_ragflow_client - INFO - 开始查询所有知识库,query='介绍园区...'
2026-01-27 15:35:50 - func_ragflow_client - INFO - 查询知识库: 岱山-指令集
2026-01-27 15:35:50 - func_ragflow_client - INFO - 查询知识库: 岱山-数据库问题
2026-01-27 15:35:51 - func_ragflow_client - INFO - 知识库 '岱山-指令集' 查询成功,返回 10 条结果
2026-01-27 15:35:51 - func_ragflow_client - INFO - 知识库 '岱山-数据库问题' 查询成功,返回 10 条结果
2026-01-27 15:35:51 - func_ragflow_client - INFO - 查询完成,共获得 20 条结果
2026-01-27 15:36:23 - func_ragflow_client - INFO - 开始查询所有知识库,query='介绍一下润和催化材料（浙江）有限公司...'
2026-01-27 15:36:23 - func_ragflow_client - INFO - 查询知识库: 岱山-指令集
2026-01-27 15:36:23 - func_ragflow_client - INFO - 查询知识库: 岱山-数据库问题
2026-01-27 15:36:23 - func_ragflow_client - INFO - 知识库 '岱山-指令集' 查询成功,返回 10 条结果
2026-01-27 15:36:23 - func_ragflow_client - INFO - 知识库 '岱山-数据库问题' 查询成功,返回 10 条结果
2026-01-27 15:36:23 - func_ragflow_client - INFO - 查询完成,共获得 20 条结果
2026-01-27 15:49:05 - func_ragflow_client - INFO - 开始查询所有知识库,query='介绍园区整体企业信息...'
2026-01-27 15:49:05 - func_ragflow_client - INFO - 查询知识库: 岱山-指令集
2026-01-27 15:49:05 - func_ragflow_client - INFO - 查询知识库: 岱山-数据库问题
2026-01-27 15:49:06 - func_ragflow_client - INFO - 知识库 '岱山-数据库问题' 查询成功,返回 10 条结果
2026-01-27 15:49:06 - func_ragflow_client - INFO - 知识库 '岱山-指令集' 查询成功,返回 10 条结果
2026-01-27 15:49:06 - func_ragflow_client - INFO - 查询完成,共获得 20 条结果
2026-01-27 15:51:56 - func_ragflow_client - INFO - 开始查询所有知识库,query='介绍园区整体企业信息...'
2026-01-27 15:51:56 - func_ragflow_client - INFO - 查询知识库: 岱山-指令集
2026-01-27 15:51:56 - func_ragflow_client - INFO - 查询知识库: 岱山-数据库问题
2026-01-27 15:51:57 - func_ragflow_client - INFO - 知识库 '岱山-指令集' 查询成功,返回 10 条结果
2026-01-27 15:51:57 - func_ragflow_client - INFO - 知识库 '岱山-数据库问题' 查询成功,返回 10 条结果
2026-01-27 15:51:57 - func_ragflow_client - INFO - 查询完成,共获得 20 条结果
2026-01-27 15:52:27 - func_ragflow_client - INFO - 开始查询所有知识库,query='介绍园区整体企业信息...'
2026-01-27 15:52:27 - func_ragflow_client - INFO - 查询知识库: 岱山-指令集
2026-01-27 15:52:27 - func_ragflow_client - INFO - 查询知识库: 岱山-数据库问题
2026-01-27 15:52:28 - func_ragflow_client - INFO - 知识库 '岱山-指令集' 查询成功,返回 10 条结果
2026-01-27 15:52:28 - func_ragflow_client - INFO - 知识库 '岱山-数据库问题' 查询成功,返回 10 条结果
2026-01-27 15:52:28 - func_ragflow_client - INFO - 查询完成,共获得 20 条结果
2026-01-27 15:53:50 - func_ragflow_client - INFO - 开始查询所有知识库,query='2025年8月园区增加值和出口总额是多少？...'
2026-01-27 15:53:50 - func_ragflow_client - INFO - 查询知识库: 岱山-指令集
2026-01-27 15:53:50 - func_ragflow_client - INFO - 查询知识库: 岱山-数据库问题
2026-01-27 15:53:51 - func_ragflow_client - INFO - 知识库 '岱山-数据库问题' 查询成功,返回 10 条结果
2026-01-27 15:53:51 - func_ragflow_client - INFO - 知识库 '岱山-指令集' 查询成功,返回 10 条结果
2026-01-27 15:53:51 - func_ragflow_client - INFO - 查询完成,共获得 20 条结果
2026-01-27 15:54:24 - func_ragflow_client - INFO - 开始查询所有知识库,query='那9月份呢？...'
2026-01-27 15:54:24 - func_ragflow_client - INFO - 查询知识库: 岱山-指令集
2026-01-27 15:54:24 - func_ragflow_client - INFO - 查询知识库: 岱山-数据库问题
2026-01-27 15:54:24 - func_ragflow_client - INFO - 知识库 '岱山-数据库问题' 查询成功,返回 10 条结果
2026-01-27 15:54:25 - func_ragflow_client - INFO - 知识库 '岱山-指令集' 查询成功,返回 0 条结果
2026-01-27 15:54:25 - func_ragflow_client - INFO - 查询完成,共获得 10 条结果
2026-01-27 15:55:43 - func_ragflow_client - INFO - 开始查询所有知识库,query='经开区污水处理中心在哪里？...'
2026-01-27 15:55:43 - func_ragflow_client - INFO - 查询知识库: 岱山-指令集
2026-01-27 15:55:43 - func_ragflow_client - INFO - 查询知识库: 岱山-数据库问题
2026-01-27 15:55:44 - func_ragflow_client - INFO - 知识库 '岱山-指令集' 查询成功,返回 0 条结果
2026-01-27 15:55:44 - func_ragflow_client - INFO - 知识库 '岱山-数据库问题' 查询成功,返回 10 条结果
2026-01-27 15:55:44 - func_ragflow_client - INFO - 查询完成,共获得 10 条结果
2026-01-27 15:57:05 - func_ragflow_client - INFO - 开始查询所有知识库,query='经开区的污水处理中心在哪里？...'
2026-01-27 15:57:05 - func_ragflow_client - INFO - 查询知识库: 岱山-指令集
2026-01-27 15:57:05 - func_ragflow_client - INFO - 查询知识库: 岱山-数据库问题
2026-01-27 15:57:06 - func_ragflow_client - INFO - 知识库 '岱山-数据库问题' 查询成功,返回 10 条结果
2026-01-27 15:57:06 - func_ragflow_client - INFO - 知识库 '岱山-指令集' 查询成功,返回 0 条结果
2026-01-27 15:57:06 - func_ragflow_client - INFO - 查询完成,共获得 10 条结果
2026-01-27 16:00:12 - func_ragflow_client - INFO - 开始查询所有知识库,query='消防取水码头在哪里？...'
2026-01-27 16:00:12 - func_ragflow_client - INFO - 查询知识库: 岱山-指令集
2026-01-27 16:00:12 - func_ragflow_client - INFO - 查询知识库: 岱山-数据库问题
2026-01-27 16:00:13 - func_ragflow_client - INFO - 知识库 '岱山-数据库问题' 查询成功,返回 10 条结果
2026-01-27 16:00:13 - func_ragflow_client - INFO - 知识库 '岱山-指令集' 查询成功,返回 0 条结果
2026-01-27 16:00:13 - func_ragflow_client - INFO - 查询完成,共获得 10 条结果
2026-01-27 16:04:19 - func_ragflow_client - INFO - 开始查询所有知识库,query='润和催化材料（浙江）有限公司有哪些工艺？...'
2026-01-27 16:04:19 - func_ragflow_client - INFO - 查询知识库: 岱山-指令集
2026-01-27 16:04:19 - func_ragflow_client - INFO - 查询知识库: 岱山-数据库问题
2026-01-27 16:04:22 - func_ragflow_client - INFO - 知识库 '岱山-指令集' 查询成功,返回 1 条结果
2026-01-27 16:04:22 - func_ragflow_client - INFO - 知识库 '岱山-数据库问题' 查询成功,返回 10 条结果
2026-01-27 16:04:22 - func_ragflow_client - INFO - 查询完成,共获得 11 条结果
2026-01-27 16:05:19 - func_ragflow_client - INFO - 开始查询所有知识库,query='润和催化材料（浙江）有限公司有哪些危化品工艺？...'
2026-01-27 16:05:19 - func_ragflow_client - INFO - 查询知识库: 岱山-指令集
2026-01-27 16:05:19 - func_ragflow_client - INFO - 查询知识库: 岱山-数据库问题
2026-01-27 16:05:20 - func_ragflow_client - INFO - 知识库 '岱山-指令集' 查询成功,返回 1 条结果
2026-01-27 16:05:20 - func_ragflow_client - INFO - 知识库 '岱山-数据库问题' 查询成功,返回 10 条结果
2026-01-27 16:05:20 - func_ragflow_client - INFO - 查询完成,共获得 11 条结果
2026-01-27 16:06:05 - func_ragflow_client - INFO - 开始查询所有知识库,query='润和催化有哪些危化品工艺...'
2026-01-27 16:06:05 - func_ragflow_client - INFO - 查询知识库: 岱山-指令集
2026-01-27 16:06:05 - func_ragflow_client - INFO - 查询知识库: 岱山-数据库问题
2026-01-27 16:06:06 - func_ragflow_client - INFO - 知识库 '岱山-数据库问题' 查询成功,返回 10 条结果
2026-01-27 16:06:06 - func_ragflow_client - INFO - 知识库 '岱山-指令集' 查询成功,返回 0 条结果
2026-01-27 16:06:06 - func_ragflow_client - INFO - 查询完成,共获得 10 条结果
2026-01-27 16:09:10 - func_ragflow_client - INFO - 开始查询所有知识库,query='润合催化有哪些危化品工艺...'
2026-01-27 16:09:10 - func_ragflow_client - INFO - 查询知识库: 岱山-指令集
2026-01-27 16:09:10 - func_ragflow_client - INFO - 查询知识库: 岱山-数据库问题
2026-01-27 16:09:11 - func_ragflow_client - INFO - 知识库 '岱山-指令集' 查询成功,返回 0 条结果
2026-01-27 16:09:11 - func_ragflow_client - INFO - 知识库 '岱山-数据库问题' 查询成功,返回 10 条结果
2026-01-27 16:09:11 - func_ragflow_client - INFO - 查询完成,共获得 10 条结果
2026-01-27 17:36:18 - func_ragflow_client - INFO - 找到知识库 '岱山-数据库问题',ID: 144f46a4f1c311f0ac650242ac140002
2026-01-27 17:36:18 - func_ragflow_client - INFO - 找到知识库 '岱山-指令集',ID: fa338636f1c211f09ed00242ac140002
2026-01-27 17:36:18 - func_ragflow_client - INFO - RAGFlow 客户端初始化成功,已加载 2 个知识库
2026-01-27 17:36:18 - func_ragflow_client - INFO - 找到知识库 '岱山-数据库问题',ID: 144f46a4f1c311f0ac650242ac140002
2026-01-27 17:36:18 - func_ragflow_client - INFO - 找到知识库 '岱山-指令集',ID: fa338636f1c211f09ed00242ac140002
2026-01-27 17:36:18 - func_ragflow_client - INFO - RAGFlow 客户端初始化成功,已加载 2 个知识库
2026-01-27 17:36:18 - func_ragflow_client - INFO - 连接测试成功
2026-01-27 17:36:35 - func_ragflow_client - INFO - 开始查询所有知识库,query='介绍润和催化有限公司...'
2026-01-27 17:36:35 - func_ragflow_client - INFO - 查询知识库: 岱山-指令集
2026-01-27 17:36:35 - func_ragflow_client - INFO - 查询知识库: 岱山-数据库问题
2026-01-27 17:36:36 - func_ragflow_client - INFO - 知识库 '岱山-指令集' 查询成功,返回 10 条结果
2026-01-27 17:36:36 - func_ragflow_client - INFO - 知识库 '岱山-数据库问题' 查询成功,返回 10 条结果
2026-01-27 17:36:36 - func_ragflow_client - INFO - 查询完成,共获得 20 条结果
2026-01-27 17:47:03 - func_ragflow_client - INFO - 找到知识库 '岱山-数据库问题',ID: 144f46a4f1c311f0ac650242ac140002
2026-01-27 17:47:03 - func_ragflow_client - INFO - 找到知识库 '岱山-指令集',ID: fa338636f1c211f09ed00242ac140002
2026-01-27 17:47:03 - func_ragflow_client - INFO - RAGFlow 客户端初始化成功,已加载 2 个知识库
2026-01-27 17:47:03 - func_ragflow_client - INFO - 找到知识库 '岱山-数据库问题',ID: 144f46a4f1c311f0ac650242ac140002
2026-01-27 17:47:03 - func_ragflow_client - INFO - 找到知识库 '岱山-指令集',ID: fa338636f1c211f09ed00242ac140002
2026-01-27 17:47:03 - func_ragflow_client - INFO - RAGFlow 客户端初始化成功,已加载 2 个知识库
2026-01-27 17:47:03 - func_ragflow_client - INFO - 连接测试成功
2026-01-27 17:47:09 - func_ragflow_client - INFO - 开始查询所有知识库,query='介绍润和催化有限公司...'
2026-01-27 17:47:09 - func_ragflow_client - INFO - 查询知识库: 岱山-指令集
2026-01-27 17:47:09 - func_ragflow_client - INFO - 查询知识库: 岱山-数据库问题
2026-01-27 17:47:10 - func_ragflow_client - INFO - 知识库 '岱山-数据库问题' 查询成功,返回 10 条结果
2026-01-27 17:47:10 - func_ragflow_client - INFO - 知识库 '岱山-指令集' 查询成功,返回 10 条结果
2026-01-27 17:47:10 - func_ragflow_client - INFO - 查询完成,共获得 20 条结果
2026-01-27 17:49:04 - func_ragflow_client - INFO - 找到知识库 '岱山-数据库问题',ID: 144f46a4f1c311f0ac650242ac140002
2026-01-27 17:49:04 - func_ragflow_client - INFO - 找到知识库 '岱山-指令集',ID: fa338636f1c211f09ed00242ac140002
2026-01-27 17:49:04 - func_ragflow_client - INFO - RAGFlow 客户端初始化成功,已加载 2 个知识库
2026-01-27 17:49:04 - func_ragflow_client - INFO - 找到知识库 '岱山-数据库问题',ID: 144f46a4f1c311f0ac650242ac140002
2026-01-27 17:49:04 - func_ragflow_client - INFO - 找到知识库 '岱山-指令集',ID: fa338636f1c211f09ed00242ac140002
2026-01-27 17:49:04 - func_ragflow_client - INFO - RAGFlow 客户端初始化成功,已加载 2 个知识库
2026-01-27 17:49:04 - func_ragflow_client - INFO - 连接测试成功
2026-01-27 17:49:14 - func_ragflow_client - INFO - 开始查询所有知识库,query='介绍润和催化有限公司...'
2026-01-27 17:49:14 - func_ragflow_client - INFO - 查询知识库: 岱山-指令集
2026-01-27 17:49:14 - func_ragflow_client - INFO - 查询知识库: 岱山-数据库问题
2026-01-27 17:49:14 - func_ragflow_client - INFO - 知识库 '岱山-指令集' 查询成功,返回 10 条结果
2026-01-27 17:49:14 - func_ragflow_client - INFO - 知识库 '岱山-数据库问题' 查询成功,返回 10 条结果
2026-01-27 17:49:14 - func_ragflow_client - INFO - 查询完成,共获得 20 条结果
2026-01-27 17:55:15 - func_ragflow_client - INFO - 开始查询所有知识库,query='介绍润和催化有限公司...'
2026-01-27 17:55:15 - func_ragflow_client - INFO - 查询知识库: 岱山-指令集
2026-01-27 17:55:15 - func_ragflow_client - INFO - 查询知识库: 岱山-数据库问题
2026-01-27 17:55:15 - func_ragflow_client - INFO - 知识库 '岱山-指令集' 查询成功,返回 10 条结果
2026-01-27 17:55:15 - func_ragflow_client - INFO - 知识库 '岱山-数据库问题' 查询成功,返回 10 条结果
2026-01-27 17:55:15 - func_ragflow_client - INFO - 查询完成,共获得 20 条结果
2026-01-27 17:56:28 - func_ragflow_client - INFO - 开始查询所有知识库,query='介绍润和催化有限公司...'
2026-01-27 17:56:28 - func_ragflow_client - INFO - 查询知识库: 岱山-指令集
2026-01-27 17:56:28 - func_ragflow_client - INFO - 查询知识库: 岱山-数据库问题
2026-01-27 17:56:29 - func_ragflow_client - INFO - 知识库 '岱山-指令集' 查询成功,返回 10 条结果
2026-01-27 17:56:29 - func_ragflow_client - INFO - 知识库 '岱山-数据库问题' 查询成功,返回 10 条结果
2026-01-27 17:56:29 - func_ragflow_client - INFO - 查询完成,共获得 20 条结果
2026-01-27 17:56:53 - func_ragflow_client - INFO - 开始查询所有知识库,query='润合催化有哪些危化品工艺...'
2026-01-27 17:56:53 - func_ragflow_client - INFO - 查询知识库: 岱山-指令集
2026-01-27 17:56:53 - func_ragflow_client - INFO - 查询知识库: 岱山-数据库问题
2026-01-27 17:56:54 - func_ragflow_client - INFO - 知识库 '岱山-指令集' 查询成功,返回 2 条结果
2026-01-27 17:56:54 - func_ragflow_client - INFO - 知识库 '岱山-数据库问题' 查询成功,返回 10 条结果
2026-01-27 17:56:54 - func_ragflow_client - INFO - 查询完成,共获得 12 条结果
2026-01-27 17:57:43 - func_ragflow_client - INFO - 开始查询所有知识库,query='介绍润和催化有限公司...'
2026-01-27 17:57:43 - func_ragflow_client - INFO - 查询知识库: 岱山-指令集
2026-01-27 17:57:43 - func_ragflow_client - INFO - 查询知识库: 岱山-数据库问题
2026-01-27 17:57:44 - func_ragflow_client - INFO - 知识库 '岱山-数据库问题' 查询成功,返回 10 条结果
2026-01-27 17:57:44 - func_ragflow_client - INFO - 知识库 '岱山-指令集' 查询成功,返回 10 条结果
2026-01-27 17:57:44 - func_ragflow_client - INFO - 查询完成,共获得 20 条结果
2026-01-27 17:58:42 - func_ragflow_client - INFO - 开始查询所有知识库,query='介绍园区整体企业信息...'
2026-01-27 17:58:42 - func_ragflow_client - INFO - 查询知识库: 岱山-指令集
2026-01-27 17:58:42 - func_ragflow_client - INFO - 查询知识库: 岱山-数据库问题
2026-01-27 17:58:43 - func_ragflow_client - INFO - 知识库 '岱山-指令集' 查询成功,返回 10 条结果
2026-01-27 17:58:43 - func_ragflow_client - INFO - 知识库 '岱山-数据库问题' 查询成功,返回 10 条结果
2026-01-27 17:58:43 - func_ragflow_client - INFO - 查询完成,共获得 20 条结果
2026-01-27 17:59:40 - func_ragflow_client - INFO - 开始查询所有知识库,query='润合催化有哪些危化品工艺...'
2026-01-27 17:59:40 - func_ragflow_client - INFO - 查询知识库: 岱山-指令集
2026-01-27 17:59:40 - func_ragflow_client - INFO - 查询知识库: 岱山-数据库问题
2026-01-27 17:59:41 - func_ragflow_client - INFO - 知识库 '岱山-指令集' 查询成功,返回 2 条结果
2026-01-27 17:59:41 - func_ragflow_client - INFO - 知识库 '岱山-数据库问题' 查询成功,返回 10 条结果
2026-01-27 17:59:41 - func_ragflow_client - INFO - 查询完成,共获得 12 条结果
2026-01-27 18:03:49 - func_ragflow_client - INFO - 开始查询所有知识库,query='介绍一下润合催化有限公司...'
2026-01-27 18:03:49 - func_ragflow_client - INFO - 查询知识库: 岱山-指令集
2026-01-27 18:03:49 - func_ragflow_client - INFO - 查询知识库: 岱山-数据库问题
2026-01-27 18:03:53 - func_ragflow_client - INFO - 知识库 '岱山-数据库问题' 查询成功,返回 10 条结果
2026-01-27 18:03:53 - func_ragflow_client - INFO - 知识库 '岱山-指令集' 查询成功,返回 10 条结果
2026-01-27 18:03:53 - func_ragflow_client - INFO - 查询完成,共获得 20 条结果
2026-01-27 18:15:15 - func_ragflow_client - INFO - 找到知识库 '岱山-数据库问题',ID: 144f46a4f1c311f0ac650242ac140002
2026-01-27 18:15:15 - func_ragflow_client - INFO - 找到知识库 '岱山-指令集',ID: fa338636f1c211f09ed00242ac140002
2026-01-27 18:15:15 - func_ragflow_client - INFO - RAGFlow 客户端初始化成功,已加载 2 个知识库
2026-01-27 18:15:15 - func_ragflow_client - INFO - 找到知识库 '岱山-数据库问题',ID: 144f46a4f1c311f0ac650242ac140002
2026-01-27 18:15:15 - func_ragflow_client - INFO - 找到知识库 '岱山-指令集',ID: fa338636f1c211f09ed00242ac140002
2026-01-27 18:15:15 - func_ragflow_client - INFO - RAGFlow 客户端初始化成功,已加载 2 个知识库
2026-01-27 18:15:15 - func_ragflow_client - INFO - 连接测试成功
2026-01-27 18:15:19 - func_ragflow_client - INFO - 开始查询所有知识库,query='介绍一下润合催化有限公司...'
2026-01-27 18:15:19 - func_ragflow_client - INFO - 查询知识库: 岱山-指令集
2026-01-27 18:15:19 - func_ragflow_client - INFO - 查询知识库: 岱山-数据库问题
2026-01-27 18:15:20 - func_ragflow_client - INFO - 知识库 '岱山-数据库问题' 查询成功,返回 10 条结果
2026-01-27 18:15:20 - func_ragflow_client - INFO - 知识库 '岱山-指令集' 查询成功,返回 10 条结果
2026-01-27 18:15:20 - func_ragflow_client - INFO - 查询完成,共获得 20 条结果
2026-01-27 18:15:41 - func_ragflow_client - INFO - 开始查询所有知识库,query='介绍一下润合催化有限公司...'
2026-01-27 18:15:41 - func_ragflow_client - INFO - 查询知识库: 岱山-指令集
2026-01-27 18:15:41 - func_ragflow_client - INFO - 查询知识库: 岱山-数据库问题
2026-01-27 18:15:41 - func_ragflow_client - INFO - 知识库 '岱山-指令集' 查询成功,返回 10 条结果
2026-01-27 18:15:41 - func_ragflow_client - INFO - 知识库 '岱山-数据库问题' 查询成功,返回 10 条结果
2026-01-27 18:15:41 - func_ragflow_client - INFO - 查询完成,共获得 20 条结果
2026-01-27 18:19:38 - func_ragflow_client - INFO - 找到知识库 '岱山-数据库问题',ID: 144f46a4f1c311f0ac650242ac140002
2026-01-27 18:19:38 - func_ragflow_client - INFO - 找到知识库 '岱山-指令集',ID: fa338636f1c211f09ed00242ac140002
2026-01-27 18:19:38 - func_ragflow_client - INFO - RAGFlow 客户端初始化成功,已加载 2 个知识库
2026-01-27 18:19:39 - func_ragflow_client - INFO - 找到知识库 '岱山-数据库问题',ID: 144f46a4f1c311f0ac650242ac140002
2026-01-27 18:19:39 - func_ragflow_client - INFO - 找到知识库 '岱山-指令集',ID: fa338636f1c211f09ed00242ac140002
2026-01-27 18:19:39 - func_ragflow_client - INFO - RAGFlow 客户端初始化成功,已加载 2 个知识库
2026-01-27 18:19:39 - func_ragflow_client - INFO - 连接测试成功
2026-01-27 18:19:40 - func_ragflow_client - INFO - 开始查询所有知识库,query='介绍一下润合催化有限公司...'
2026-01-27 18:19:40 - func_ragflow_client - INFO - 查询知识库: 岱山-指令集
2026-01-27 18:19:40 - func_ragflow_client - INFO - 查询知识库: 岱山-数据库问题
2026-01-27 18:19:41 - func_ragflow_client - INFO - 知识库 '岱山-数据库问题' 查询成功,返回 10 条结果
2026-01-27 18:19:41 - func_ragflow_client - INFO - 知识库 '岱山-指令集' 查询成功,返回 10 条结果
2026-01-27 18:19:41 - func_ragflow_client - INFO - 查询完成,共获得 20 条结果
2026-01-27 18:45:33 - func_ragflow_client - INFO - 开始查询所有知识库,query='介绍一下润合催化有限公司...'
2026-01-27 18:45:33 - func_ragflow_client - INFO - 查询知识库: 岱山-指令集
2026-01-27 18:45:33 - func_ragflow_client - INFO - 查询知识库: 岱山-数据库问题
2026-01-27 18:45:34 - func_ragflow_client - INFO - 知识库 '岱山-数据库问题' 查询成功,返回 10 条结果
2026-01-27 18:45:34 - func_ragflow_client - INFO - 知识库 '岱山-指令集' 查询成功,返回 10 条结果
2026-01-27 18:45:34 - func_ragflow_client - INFO - 查询完成,共获得 20 条结果
2026-01-27 18:49:22 - func_ragflow_client - INFO - 找到知识库 '岱山-数据库问题',ID: 144f46a4f1c311f0ac650242ac140002
2026-01-27 18:49:22 - func_ragflow_client - INFO - 找到知识库 '岱山-指令集',ID: fa338636f1c211f09ed00242ac140002
2026-01-27 18:49:22 - func_ragflow_client - INFO - RAGFlow 客户端初始化成功,已加载 2 个知识库
2026-01-27 18:49:22 - func_ragflow_client - INFO - 找到知识库 '岱山-数据库问题',ID: 144f46a4f1c311f0ac650242ac140002
2026-01-27 18:49:22 - func_ragflow_client - INFO - 找到知识库 '岱山-指令集',ID: fa338636f1c211f09ed00242ac140002
2026-01-27 18:49:22 - func_ragflow_client - INFO - RAGFlow 客户端初始化成功,已加载 2 个知识库
2026-01-27 18:49:22 - func_ragflow_client - INFO - 连接测试成功
2026-01-27 18:49:33 - func_ragflow_client - INFO - 开始查询所有知识库,query='介绍一下润合催化有限公司...'
2026-01-27 18:49:33 - func_ragflow_client - INFO - 查询知识库: 岱山-指令集
2026-01-27 18:49:33 - func_ragflow_client - INFO - 查询知识库: 岱山-数据库问题
2026-01-27 18:49:34 - func_ragflow_client - INFO - 知识库 '岱山-指令集' 查询成功,返回 10 条结果
2026-01-27 18:49:34 - func_ragflow_client - INFO - 知识库 '岱山-数据库问题' 查询成功,返回 10 条结果
2026-01-27 18:49:34 - func_ragflow_client - INFO - 查询完成,共获得 20 条结果
2026-01-27 19:11:09 - func_ragflow_client - INFO - 找到知识库 '岱山-数据库问题',ID: 144f46a4f1c311f0ac650242ac140002
2026-01-27 19:11:09 - func_ragflow_client - INFO - 找到知识库 '岱山-指令集',ID: fa338636f1c211f09ed00242ac140002
2026-01-27 19:11:09 - func_ragflow_client - INFO - RAGFlow 客户端初始化成功,已加载 2 个知识库
2026-01-27 19:11:09 - func_ragflow_client - INFO - 找到知识库 '岱山-数据库问题',ID: 144f46a4f1c311f0ac650242ac140002
2026-01-27 19:11:09 - func_ragflow_client - INFO - 找到知识库 '岱山-指令集',ID: fa338636f1c211f09ed00242ac140002
2026-01-27 19:11:09 - func_ragflow_client - INFO - RAGFlow 客户端初始化成功,已加载 2 个知识库
2026-01-27 19:11:09 - func_ragflow_client - INFO - 连接测试成功
2026-01-27 19:11:14 - func_ragflow_client - INFO - 开始查询所有知识库,query='介绍安全态势...'
2026-01-27 19:11:14 - func_ragflow_client - INFO - 查询知识库: 岱山-指令集
2026-01-27 19:11:14 - func_ragflow_client - INFO - 查询知识库: 岱山-数据库问题
2026-01-27 19:11:15 - func_ragflow_client - INFO - 知识库 '岱山-指令集' 查询成功,返回 10 条结果
2026-01-27 19:11:15 - func_ragflow_client - INFO - 知识库 '岱山-数据库问题' 查询成功,返回 10 条结果
2026-01-27 19:11:15 - func_ragflow_client - INFO - 查询完成,共获得 20 条结果
2026-01-27 19:12:26 - func_ragflow_client - INFO - 开始查询所有知识库,query='介绍企业整体信息...'
2026-01-27 19:12:26 - func_ragflow_client - INFO - 查询知识库: 岱山-指令集
2026-01-27 19:12:26 - func_ragflow_client - INFO - 查询知识库: 岱山-数据库问题
2026-01-27 19:12:26 - func_ragflow_client - INFO - 知识库 '岱山-指令集' 查询成功,返回 10 条结果
2026-01-27 19:12:26 - func_ragflow_client - INFO - 知识库 '岱山-数据库问题' 查询成功,返回 10 条结果
2026-01-27 19:12:26 - func_ragflow_client - INFO - 查询完成,共获得 20 条结果
2026-01-27 19:12:59 - func_ragflow_client - INFO - 开始查询所有知识库,query='介绍园区...'
2026-01-27 19:12:59 - func_ragflow_client - INFO - 查询知识库: 岱山-指令集
2026-01-27 19:12:59 - func_ragflow_client - INFO - 查询知识库: 岱山-数据库问题
2026-01-27 19:13:00 - func_ragflow_client - INFO - 知识库 '岱山-数据库问题' 查询成功,返回 10 条结果
2026-01-27 19:13:00 - func_ragflow_client - INFO - 知识库 '岱山-指令集' 查询成功,返回 10 条结果
2026-01-27 19:13:00 - func_ragflow_client - INFO - 查询完成,共获得 20 条结果
2026-01-27 19:13:31 - func_ragflow_client - INFO - 开始查询所有知识库,query='介绍润和催化有限公司...'
2026-01-27 19:13:31 - func_ragflow_client - INFO - 查询知识库: 岱山-指令集
2026-01-27 19:13:31 - func_ragflow_client - INFO - 查询知识库: 岱山-数据库问题
2026-01-27 19:13:32 - func_ragflow_client - INFO - 知识库 '岱山-数据库问题' 查询成功,返回 10 条结果
2026-01-27 19:13:32 - func_ragflow_client - INFO - 知识库 '岱山-指令集' 查询成功,返回 10 条结果
2026-01-27 19:13:32 - func_ragflow_client - INFO - 查询完成,共获得 20 条结果
2026-01-27 19:22:50 - func_ragflow_client - INFO - 找到知识库 '岱山-数据库问题',ID: 144f46a4f1c311f0ac650242ac140002
2026-01-27 19:22:50 - func_ragflow_client - INFO - 找到知识库 '岱山-指令集',ID: fa338636f1c211f09ed00242ac140002
2026-01-27 19:22:50 - func_ragflow_client - INFO - RAGFlow 客户端初始化成功,已加载 2 个知识库
2026-01-27 19:22:50 - func_ragflow_client - INFO - 找到知识库 '岱山-数据库问题',ID: 144f46a4f1c311f0ac650242ac140002
2026-01-27 19:22:50 - func_ragflow_client - INFO - 找到知识库 '岱山-指令集',ID: fa338636f1c211f09ed00242ac140002
2026-01-27 19:22:50 - func_ragflow_client - INFO - RAGFlow 客户端初始化成功,已加载 2 个知识库
2026-01-27 19:22:50 - func_ragflow_client - INFO - 连接测试成功
2026-01-27 19:22:54 - func_ragflow_client - INFO - 开始查询所有知识库,query='介绍润和催化有限公司...'
2026-01-27 19:22:54 - func_ragflow_client - INFO - 查询知识库: 岱山-指令集
2026-01-27 19:22:54 - func_ragflow_client - INFO - 查询知识库: 岱山-数据库问题
2026-01-27 19:22:55 - func_ragflow_client - INFO - 知识库 '岱山-指令集' 查询成功,返回 10 条结果
2026-01-27 19:22:55 - func_ragflow_client - INFO - 知识库 '岱山-数据库问题' 查询成功,返回 10 条结果
2026-01-27 19:22:55 - func_ragflow_client - INFO - 查询完成,共获得 20 条结果
2026-01-27 19:25:38 - func_ragflow_client - INFO - 开始查询所有知识库,query='介绍润和催化有限公司...'
2026-01-27 19:25:38 - func_ragflow_client - INFO - 查询知识库: 岱山-指令集
2026-01-27 19:25:38 - func_ragflow_client - INFO - 查询知识库: 岱山-数据库问题
2026-01-27 19:25:39 - func_ragflow_client - INFO - 知识库 '岱山-指令集' 查询成功,返回 10 条结果
2026-01-27 19:25:39 - func_ragflow_client - INFO - 知识库 '岱山-数据库问题' 查询成功,返回 10 条结果
2026-01-27 19:25:39 - func_ragflow_client - INFO - 查询完成,共获得 20 条结果
2026-01-27 19:33:44 - func_ragflow_client - INFO - 找到知识库 '岱山-数据库问题',ID: 144f46a4f1c311f0ac650242ac140002
2026-01-27 19:33:44 - func_ragflow_client - INFO - 找到知识库 '岱山-指令集',ID: fa338636f1c211f09ed00242ac140002
2026-01-27 19:33:44 - func_ragflow_client - INFO - RAGFlow 客户端初始化成功,已加载 2 个知识库
2026-01-27 19:33:44 - func_ragflow_client - INFO - 找到知识库 '岱山-数据库问题',ID: 144f46a4f1c311f0ac650242ac140002
2026-01-27 19:33:44 - func_ragflow_client - INFO - 找到知识库 '岱山-指令集',ID: fa338636f1c211f09ed00242ac140002
2026-01-27 19:33:44 - func_ragflow_client - INFO - RAGFlow 客户端初始化成功,已加载 2 个知识库
2026-01-27 19:33:44 - func_ragflow_client - INFO - 连接测试成功
2026-01-27 19:33:46 - func_ragflow_client - INFO - 开始查询所有知识库,query='介绍润和催化有限公司...'
2026-01-27 19:33:46 - func_ragflow_client - INFO - 查询知识库: 岱山-指令集
2026-01-27 19:33:46 - func_ragflow_client - INFO - 查询知识库: 岱山-数据库问题
2026-01-27 19:33:47 - func_ragflow_client - INFO - 知识库 '岱山-数据库问题' 查询成功,返回 10 条结果
2026-01-27 19:33:47 - func_ragflow_client - INFO - 知识库 '岱山-指令集' 查询成功,返回 10 条结果
2026-01-27 19:33:47 - func_ragflow_client - INFO - 查询完成,共获得 20 条结果
2026-01-27 19:35:20 - func_ragflow_client - INFO - 开始查询所有知识库,query='介绍润和催化有限公司...'
2026-01-27 19:35:20 - func_ragflow_client - INFO - 查询知识库: 岱山-指令集
2026-01-27 19:35:20 - func_ragflow_client - INFO - 查询知识库: 岱山-数据库问题
2026-01-27 19:35:20 - func_ragflow_client - INFO - 知识库 '岱山-数据库问题' 查询成功,返回 10 条结果
2026-01-27 19:35:21 - func_ragflow_client - INFO - 知识库 '岱山-指令集' 查询成功,返回 10 条结果
2026-01-27 19:35:21 - func_ragflow_client - INFO - 查询完成,共获得 20 条结果
2026-01-27 19:40:07 - func_ragflow_client - INFO - 开始查询所有知识库,query='介绍一下润合催化有限公司...'
2026-01-27 19:40:07 - func_ragflow_client - INFO - 查询知识库: 岱山-指令集
2026-01-27 19:40:07 - func_ragflow_client - INFO - 查询知识库: 岱山-数据库问题
2026-01-27 19:40:08 - func_ragflow_client - INFO - 知识库 '岱山-指令集' 查询成功,返回 10 条结果
2026-01-27 19:40:08 - func_ragflow_client - INFO - 知识库 '岱山-数据库问题' 查询成功,返回 10 条结果
2026-01-27 19:40:08 - func_ragflow_client - INFO - 查询完成,共获得 20 条结果
2026-01-28 10:34:53 - func_ragflow_client - INFO - 开始查询所有知识库,query='介绍润和催化有限公司...'
2026-01-28 10:34:53 - func_ragflow_client - INFO - 查询知识库: 岱山-指令集
2026-01-28 10:34:53 - func_ragflow_client - INFO - 查询知识库: 岱山-数据库问题
2026-01-28 10:34:58 - func_ragflow_client - WARNING - 知识库 '岱山-指令集' 查询超时 (5秒)
2026-01-28 10:34:58 - func_ragflow_client - WARNING - 查询超时 | database=岱山-指令集 | query=介绍润和催化有限公司
2026-01-28 10:34:58 - func_ragflow_client - WARNING - 知识库 '岱山-数据库问题' 查询超时 (5秒)
2026-01-28 10:34:58 - func_ragflow_client - WARNING - 查询超时 | database=岱山-数据库问题 | query=介绍润和催化有限公司
2026-01-28 10:34:58 - func_ragflow_client - INFO - 查询完成,共获得 0 条结果
2026-01-28 10:35:56 - func_ragflow_client - INFO - 开始查询所有知识库,query='介绍润和催化有限公司...'
2026-01-28 10:35:56 - func_ragflow_client - INFO - 查询知识库: 岱山-指令集
2026-01-28 10:35:56 - func_ragflow_client - INFO - 查询知识库: 岱山-数据库问题
2026-01-28 10:35:57 - func_ragflow_client - INFO - 知识库 '岱山-指令集' 查询成功,返回 10 条结果
2026-01-28 10:35:57 - func_ragflow_client - INFO - 知识库 '岱山-数据库问题' 查询成功,返回 10 条结果
2026-01-28 10:35:57 - func_ragflow_client - INFO - 查询完成,共获得 20 条结果
2026-01-28 10:53:41 - func_ragflow_client - INFO - 找到知识库 '岱山-数据库问题',ID: 144f46a4f1c311f0ac650242ac140002
2026-01-28 10:53:41 - func_ragflow_client - INFO - 找到知识库 '岱山-指令集',ID: fa338636f1c211f09ed00242ac140002
2026-01-28 10:53:41 - func_ragflow_client - INFO - RAGFlow 客户端初始化成功,已加载 2 个知识库
2026-01-28 10:53:41 - func_ragflow_client - INFO - 找到知识库 '岱山-数据库问题',ID: 144f46a4f1c311f0ac650242ac140002
2026-01-28 10:53:41 - func_ragflow_client - INFO - 找到知识库 '岱山-指令集',ID: fa338636f1c211f09ed00242ac140002
2026-01-28 10:53:41 - func_ragflow_client - INFO - RAGFlow 客户端初始化成功,已加载 2 个知识库
2026-01-28 10:53:42 - func_ragflow_client - INFO - 连接测试成功
2026-01-28 10:53:43 - func_ragflow_client - INFO - 开始查询所有知识库,query='介绍润和催化有限公司...'
2026-01-28 10:53:43 - func_ragflow_client - INFO - 查询知识库: 岱山-指令集
2026-01-28 10:53:43 - func_ragflow_client - INFO - 查询知识库: 岱山-数据库问题
2026-01-28 10:53:44 - func_ragflow_client - INFO - 知识库 '岱山-数据库问题' 查询成功,返回 10 条结果
2026-01-28 10:53:44 - func_ragflow_client - INFO - 知识库 '岱山-指令集' 查询成功,返回 10 条结果
2026-01-28 10:53:44 - func_ragflow_client - INFO - 查询完成,共获得 20 条结果
2026-01-28 10:54:34 - func_ragflow_client - INFO - 开始查询所有知识库,query='介绍总体企业...'
2026-01-28 10:54:34 - func_ragflow_client - INFO - 查询知识库: 岱山-指令集
2026-01-28 10:54:34 - func_ragflow_client - INFO - 查询知识库: 岱山-数据库问题
2026-01-28 10:54:35 - func_ragflow_client - INFO - 知识库 '岱山-指令集' 查询成功,返回 10 条结果
2026-01-28 10:54:35 - func_ragflow_client - INFO - 知识库 '岱山-数据库问题' 查询成功,返回 10 条结果
2026-01-28 10:54:35 - func_ragflow_client - INFO - 查询完成,共获得 20 条结果
2026-01-28 11:02:12 - func_ragflow_client - INFO - 找到知识库 '岱山-数据库问题',ID: 144f46a4f1c311f0ac650242ac140002
2026-01-28 11:02:12 - func_ragflow_client - INFO - 找到知识库 '岱山-指令集',ID: fa338636f1c211f09ed00242ac140002
2026-01-28 11:02:12 - func_ragflow_client - INFO - RAGFlow 客户端初始化成功,已加载 2 个知识库
2026-01-28 11:02:12 - func_ragflow_client - INFO - 找到知识库 '岱山-数据库问题',ID: 144f46a4f1c311f0ac650242ac140002
2026-01-28 11:02:12 - func_ragflow_client - INFO - 找到知识库 '岱山-指令集',ID: fa338636f1c211f09ed00242ac140002
2026-01-28 11:02:12 - func_ragflow_client - INFO - RAGFlow 客户端初始化成功,已加载 2 个知识库
2026-01-28 11:02:12 - func_ragflow_client - INFO - 连接测试成功
2026-01-28 11:02:15 - func_ragflow_client - INFO - 开始查询所有知识库,query='介绍总体企业...'
2026-01-28 11:02:15 - func_ragflow_client - INFO - 查询知识库: 岱山-指令集
2026-01-28 11:02:15 - func_ragflow_client - INFO - 查询知识库: 岱山-数据库问题
2026-01-28 11:02:16 - func_ragflow_client - INFO - 知识库 '岱山-指令集' 查询成功,返回 10 条结果
2026-01-28 11:02:16 - func_ragflow_client - INFO - 知识库 '岱山-数据库问题' 查询成功,返回 10 条结果
2026-01-28 11:02:16 - func_ragflow_client - INFO - 查询完成,共获得 20 条结果
2026-01-28 11:10:47 - func_ragflow_client - INFO - 找到知识库 '岱山-数据库问题',ID: 144f46a4f1c311f0ac650242ac140002
2026-01-28 11:10:47 - func_ragflow_client - INFO - 找到知识库 '岱山-指令集',ID: fa338636f1c211f09ed00242ac140002
2026-01-28 11:10:47 - func_ragflow_client - INFO - RAGFlow 客户端初始化成功,已加载 2 个知识库
2026-01-28 11:10:47 - func_ragflow_client - INFO - 找到知识库 '岱山-数据库问题',ID: 144f46a4f1c311f0ac650242ac140002
2026-01-28 11:10:47 - func_ragflow_client - INFO - 找到知识库 '岱山-指令集',ID: fa338636f1c211f09ed00242ac140002
2026-01-28 11:10:47 - func_ragflow_client - INFO - RAGFlow 客户端初始化成功,已加载 2 个知识库
2026-01-28 11:10:47 - func_ragflow_client - INFO - 连接测试成功
2026-01-28 11:10:49 - func_ragflow_client - INFO - 开始查询所有知识库,query='介绍总体企业...'
2026-01-28 11:10:49 - func_ragflow_client - INFO - 查询知识库: 岱山-指令集
2026-01-28 11:10:49 - func_ragflow_client - INFO - 查询知识库: 岱山-数据库问题
2026-01-28 11:10:50 - func_ragflow_client - INFO - 知识库 '岱山-指令集' 查询成功,返回 10 条结果
2026-01-28 11:10:50 - func_ragflow_client - INFO - 知识库 '岱山-数据库问题' 查询成功,返回 10 条结果
2026-01-28 11:10:50 - func_ragflow_client - INFO - 查询完成,共获得 20 条结果
2026-01-28 11:15:49 - func_ragflow_client - INFO - 找到知识库 '岱山-数据库问题',ID: 144f46a4f1c311f0ac650242ac140002
2026-01-28 11:15:49 - func_ragflow_client - INFO - 找到知识库 '岱山-指令集',ID: fa338636f1c211f09ed00242ac140002
2026-01-28 11:15:49 - func_ragflow_client - INFO - RAGFlow 客户端初始化成功,已加载 2 个知识库
2026-01-28 11:15:49 - func_ragflow_client - INFO - 找到知识库 '岱山-数据库问题',ID: 144f46a4f1c311f0ac650242ac140002
2026-01-28 11:15:49 - func_ragflow_client - INFO - 找到知识库 '岱山-指令集',ID: fa338636f1c211f09ed00242ac140002
2026-01-28 11:15:49 - func_ragflow_client - INFO - RAGFlow 客户端初始化成功,已加载 2 个知识库
2026-01-28 11:15:49 - func_ragflow_client - INFO - 连接测试成功
2026-01-28 11:15:51 - func_ragflow_client - INFO - 开始查询所有知识库,query='介绍总体企业...'
2026-01-28 11:15:51 - func_ragflow_client - INFO - 查询知识库: 岱山-指令集
2026-01-28 11:15:51 - func_ragflow_client - INFO - 查询知识库: 岱山-数据库问题
2026-01-28 11:15:52 - func_ragflow_client - INFO - 知识库 '岱山-指令集' 查询成功,返回 10 条结果
2026-01-28 11:15:52 - func_ragflow_client - INFO - 知识库 '岱山-数据库问题' 查询成功,返回 10 条结果
2026-01-28 11:15:52 - func_ragflow_client - INFO - 查询完成,共获得 20 条结果
